\BOOKMARK [0][-]{chapter.1}{\376\377\000N\000u\000c\000l\000e\000a\000r\000\040\000a\000s\000t\000r\000o\000p\000h\000y\000s\000i\000c\000s\000\040\000f\000u\000n\000d\000a\000m\000e\000n\000t\000a\000l\000s}{}% 1
\BOOKMARK [1][-]{section.1.1}{\376\377\000G\000e\000n\000e\000r\000a\000l\000\040\000a\000s\000p\000e\000c\000t\000s\000\040\000a\000b\000o\000u\000t\000\040\000t\000h\000e\000\040\000n\000u\000c\000l\000e\000u\000s}{chapter.1}% 2
\BOOKMARK [1][-]{section.1.2}{\376\377\000E\000l\000e\000m\000e\000n\000t\000s\000\040\000o\000f\000\040\000q\000u\000a\000n\000t\000u\000m\000\040\000m\000e\000c\000h\000a\000n\000i\000c\000s\000\040\000f\000o\000r\000\040\000n\000u\000c\000l\000e\000a\000r\000\040\000p\000h\000y\000s\000i\000c\000s}{chapter.1}% 3
\BOOKMARK [2][-]{subsection.1.2.1}{\376\377\000S\000c\000a\000t\000t\000e\000r\000i\000n\000g\000\040\000t\000h\000e\000o\000r\000y}{section.1.2}% 4
\BOOKMARK [2][-]{subsection.1.2.2}{\376\377\000T\000u\000n\000n\000e\000l\000i\000n\000g\000\040\000p\000h\000e\000n\000o\000m\000e\000n\000a}{section.1.2}% 5
\BOOKMARK [2][-]{subsection.1.2.3}{\376\377\000P\000e\000r\000t\000u\000r\000b\000a\000t\000i\000o\000n\000\040\000t\000h\000e\000o\000r\000y}{section.1.2}% 6
\BOOKMARK [2][-]{subsection.1.2.4}{\376\377\000Q\000u\000a\000n\000t\000u\000m\000\040\000t\000r\000a\000n\000s\000i\000t\000i\000o\000n\000s}{section.1.2}% 7
\BOOKMARK [1][-]{section.1.3}{\376\377\000N\000u\000c\000l\000e\000a\000r\000\040\000s\000t\000r\000u\000c\000t\000u\000r\000e}{chapter.1}% 8
\BOOKMARK [2][-]{subsection.1.3.1}{\376\377\000N\000u\000c\000l\000e\000a\000r\000\040\000m\000o\000d\000e\000l\000s}{section.1.3}% 9
\BOOKMARK [1][-]{section.1.4}{\376\377\000N\000u\000c\000l\000e\000a\000r\000\040\000r\000e\000a\000c\000t\000i\000o\000n\000s}{chapter.1}% 10
\BOOKMARK [2][-]{subsection.1.4.1}{\376\377\000C\000l\000a\000s\000s\000i\000f\000i\000c\000a\000t\000i\000o\000n\000\040\000o\000f\000\040\000r\000e\000a\000c\000t\000i\000o\000n\000s}{section.1.4}% 11
\BOOKMARK [2][-]{subsection.1.4.2}{\376\377\000C\000r\000o\000s\000s\000\040\000s\000e\000c\000t\000i\000o\000n\000s}{section.1.4}% 12
\BOOKMARK [2][-]{subsection.1.4.3}{\376\377\000R\000e\000a\000c\000t\000i\000o\000n\000\040\000r\000a\000t\000e\000s}{section.1.4}% 13
\BOOKMARK [1][-]{section.1.5}{\376\377\000T\000h\000e\000\040\000A\000s\000t\000r\000o\000p\000h\000y\000s\000i\000c\000a\000l\000\040\000S\000-\000f\000a\000c\000t\000o\000r}{chapter.1}% 14
\BOOKMARK [2][-]{subsection.1.5.1}{\376\377\000M\000o\000t\000i\000v\000a\000t\000i\000o\000n\000\040\000a\000n\000d\000\040\000d\000e\000f\000i\000n\000i\000t\000i\000o\000n}{section.1.5}% 15
\BOOKMARK [2][-]{subsection.1.5.2}{\376\377\000G\000e\000n\000e\000r\000a\000l\000\040\000a\000p\000p\000l\000i\000c\000a\000t\000i\000o\000n\000s}{section.1.5}% 16
\BOOKMARK [0][-]{chapter.2}{\376\377\000R\000e\000a\000c\000t\000i\000o\000n\000s\000\040\000o\000f\000\040\000a\000s\000t\000r\000o\000p\000h\000y\000s\000i\000c\000a\000l\000\040\000i\000n\000t\000e\000r\000e\000s\000t}{}% 17
\BOOKMARK [1][-]{section.2.1}{\376\377\000B\000i\000g\000\040\000b\000a\000n\000g\000\040\000n\000u\000c\000l\000e\000o\000s\000y\000n\000t\000h\000e\000s\000i\000s}{chapter.2}% 18
\BOOKMARK [1][-]{section.2.2}{\376\377\000S\000t\000e\000l\000l\000a\000r\000\040\000f\000u\000s\000i\000o\000n}{chapter.2}% 19
\BOOKMARK [2][-]{subsection.2.2.1}{\376\377\000L\000i\000g\000h\000t\000\040\000h\000e\000a\000v\000y\000\040\000n\000u\000c\000l\000e\000i\000\040\000r\000e\000a\000c\000t\000i\000o\000n\000s}{section.2.2}% 20
\BOOKMARK [2][-]{subsection.2.2.2}{\376\377\000C\000N\000O\000\040\000c\000y\000c\000l\000e}{section.2.2}% 21
\BOOKMARK [2][-]{subsection.2.2.3}{\376\377\000M\000e\000d\000i\000u\000m\000\040\000h\000e\000a\000v\000y\000\040\000n\000u\000c\000l\000e\000i\000\040\000r\000e\000a\000c\000t\000i\000o\000n\000s}{section.2.2}% 22
\BOOKMARK [1][-]{section.2.3}{\376\377\000S\000u\000p\000e\000r\000n\000o\000v\000a\000e\000\040\000a\000n\000d\000\040\000o\000t\000h\000e\000r\000\040\000e\000x\000p\000l\000o\000s\000i\000v\000e\000\040\000e\000n\000v\000i\000r\000o\000n\000m\000e\000n\000t\000s}{chapter.2}% 23
\BOOKMARK [2][-]{subsection.2.3.1}{\376\377\000H\000e\000a\000v\000y\000\040\000n\000u\000c\000l\000e\000i\000\040\000r\000e\000a\000c\000t\000i\000o\000n\000s}{section.2.3}% 24
\BOOKMARK [2][-]{subsection.2.3.2}{\376\377\000T\000h\000e\000\040\000s\000\040\000a\000n\000d\000\040\000p\000\040\000p\000r\000o\000c\000e\000s\000s\000e\000s}{section.2.3}% 25
\BOOKMARK [1][-]{section.2.4}{\376\377\000A\000c\000t\000i\000v\000e\000\040\000r\000e\000s\000e\000a\000r\000c\000h\000\040\000t\000o\000p\000i\000c\000s}{chapter.2}% 26
\BOOKMARK [0][-]{chapter.3}{\376\377\000A\000s\000t\000r\000o\000p\000h\000y\000s\000i\000c\000a\000l\000\040\000S\000-\000f\000a\000c\000t\000o\000r\000\040\000m\000o\000d\000e\000l\000s}{}% 27
\BOOKMARK [1][-]{section.3.1}{\376\377\000M\000i\000c\000r\000o\000s\000c\000o\000p\000i\000c\000\040\000m\000o\000d\000e\000l\000s}{chapter.3}% 28
\BOOKMARK [1][-]{section.3.2}{\376\377\000M\000a\000t\000r\000i\000x\000\040\000m\000o\000d\000e\000l\000s}{chapter.3}% 29
\BOOKMARK [1][-]{section.3.3}{\376\377\000P\000o\000t\000e\000n\000t\000i\000a\000l\000\040\000m\000o\000d\000e\000l\000s}{chapter.3}% 30
\BOOKMARK [1][-]{section.3.4}{\376\377\000E\000m\000p\000i\000r\000i\000c\000a\000l\000\040\000f\000o\000r\000m\000u\000l\000a\000s}{chapter.3}% 31
\BOOKMARK [0][-]{chapter.4}{\376\377\000S\000-\000f\000a\000c\000t\000o\000r\000\040\000c\000a\000l\000c\000u\000l\000a\000t\000i\000o\000n\000s\000\040\000f\000o\000r\000\040\000s\000e\000l\000e\000c\000t\000e\000d\000\040\000r\000e\000a\000c\000t\000i\000o\000n\000s}{}% 32
\BOOKMARK [1][-]{section.4.1}{\376\377\000N\000o\000n\000-\000r\000e\000s\000o\000n\000a\000n\000t\000\040\000r\000e\000a\000c\000t\000i\000o\000n\000s}{chapter.4}% 33
\BOOKMARK [2][-]{subsection.4.1.1}{\376\377\000C\000a\000l\000c\000u\000l\000a\000t\000i\000o\000n\000\040\000c\000o\000n\000s\000i\000d\000e\000r\000a\000t\000i\000o\000n\000s}{section.4.1}% 34
\BOOKMARK [2][-]{subsection.4.1.2}{\376\377\000R\000e\000s\000u\000l\000t\000s\000\040\000a\000n\000d\000\040\000a\000n\000a\000l\000y\000s\000i\000s}{section.4.1}% 35
\BOOKMARK [1][-]{section.4.2}{\376\377\000R\000e\000s\000o\000n\000a\000n\000t\000\040\000r\000e\000a\000c\000t\000i\000o\000n\000s}{chapter.4}% 36
\BOOKMARK [2][-]{subsection.4.2.1}{\376\377\000C\000a\000l\000c\000u\000l\000a\000t\000i\000o\000n\000\040\000c\000o\000n\000s\000i\000d\000e\000r\000a\000t\000i\000o\000n\000s}{section.4.2}% 37
\BOOKMARK [2][-]{subsection.4.2.2}{\376\377\000R\000e\000s\000u\000l\000t\000s\000\040\000a\000n\000d\000\040\000a\000n\000a\000l\000y\000s\000i\000s}{section.4.2}% 38
\BOOKMARK [0][-]{chapter.5}{\376\377\000C\000o\000n\000c\000l\000u\000s\000i\000o\000n\000s}{}% 39
\BOOKMARK [0][-]{appendix.A}{\376\377\000L\000i\000t\000e\000r\000a\000t\000u\000r\000e\000\040\000s\000e\000l\000e\000c\000t\000e\000d\000\040\000d\000a\000t\000a}{}% 40
\BOOKMARK [1][-]{section.A.1}{\376\377\000G\000e\000n\000e\000r\000a\000l\000\040\000d\000a\000t\000a\000\040\000o\000f\000\040\000n\000u\000c\000l\000e\000i}{appendix.A}% 41
\BOOKMARK [2][-]{subsection.A.1.1}{\376\377\000S\000e\000l\000e\000c\000t\000e\000d\000\040\000c\000o\000n\000s\000t\000a\000n\000t\000s}{section.A.1}% 42
\BOOKMARK [2][-]{subsection.A.1.2}{\376\377\000N\000u\000c\000l\000e\000i\000\040\000s\000t\000r\000u\000c\000t\000u\000r\000e\000\040\000d\000a\000t\000a}{section.A.1}% 43
\BOOKMARK [1][-]{section.A.2}{\376\377\000A\000s\000t\000r\000o\000p\000h\000y\000s\000i\000c\000a\000l\000\040\000S\000-\000f\000a\000c\000t\000o\000r\000\040\000d\000a\000t\000a}{appendix.A}% 44
\BOOKMARK [2][-]{subsection.A.2.1}{\376\377\000N\000a\000c\000r\000e\000\040\000I\000I\000\040\000d\000a\000t\000a\000b\000a\000s\000e}{section.A.2}% 45
\BOOKMARK [2][-]{subsection.A.2.2}{\376\377\000M\000i\000d\000d\000l\000e\000\040\000h\000e\000a\000v\000y\000\040\000n\000u\000c\000l\000e\000i\000\040\000d\000a\000t\000a}{section.A.2}% 46
\BOOKMARK [2][-]{subsection.A.2.3}{\376\377\000T\000r\000a\000n\000s\000i\000t\000i\000o\000n\000s\000\040\000d\000a\000t\000a}{section.A.2}% 47
\BOOKMARK [1][-]{section.A.3}{\376\377\000R\000e\000s\000o\000n\000a\000n\000c\000e\000s\000\040\000a\000n\000d\000\040\000t\000r\000a\000n\000s\000i\000t\000i\000o\000n\000s}{appendix.A}% 48
\BOOKMARK [2][-]{subsection.A.3.1}{\376\377\000R\000e\000s\000o\000n\000a\000n\000c\000e\000\040\000d\000a\000t\000a}{section.A.3}% 49
\BOOKMARK [2][-]{subsection.A.3.2}{\376\377\000T\000r\000a\000n\000s\000i\000t\000i\000o\000n\000s\000\040\000d\000a\000t\000a}{section.A.3}% 50
\BOOKMARK [1][-]{section.A.4}{\376\377\000F\000i\000t\000t\000i\000n\000g\000\040\000p\000a\000r\000a\000m\000e\000t\000e\000r\000s}{appendix.A}% 51
\BOOKMARK [2][-]{subsection.A.4.1}{\376\377\000S\000p\000e\000c\000i\000f\000i\000c\000\040\000m\000o\000d\000e\000l\000\040\000p\000a\000r\000a\000m\000e\000t\000e\000r\000s}{section.A.4}% 52
\BOOKMARK [2][-]{subsection.A.4.2}{\376\377\000R\000-\000m\000a\000t\000r\000i\000x\000\040\000p\000a\000r\000a\000m\000e\000t\000e\000r\000s}{section.A.4}% 53
\BOOKMARK [0][-]{appendix.B}{\376\377\000S\000p\000e\000c\000i\000a\000l\000\040\000f\000u\000n\000c\000t\000i\000o\000n\000s}{}% 54
\BOOKMARK [1][-]{section.B.1}{\376\377\000B\000e\000s\000s\000e\000l\000\040\000f\000u\000n\000c\000t\000i\000o\000n\000s}{appendix.B}% 55
\BOOKMARK [1][-]{section.B.2}{\376\377\000C\000o\000u\000l\000o\000m\000b\000\040\000f\000u\000n\000c\000t\000i\000o\000n\000s}{appendix.B}% 56
\BOOKMARK [1][-]{section.B.3}{\376\377\000A\000d\000d\000i\000t\000i\000o\000n\000a\000l\000\040\000s\000e\000l\000e\000c\000t\000e\000d\000\040\000f\000u\000n\000c\000t\000i\000o\000n\000s}{appendix.B}% 57
\BOOKMARK [1][-]{section.B.4}{\376\377\000C\000l\000e\000b\000s\000c\000h\000-\000G\000o\000r\000d\000a\000n\000\040\000c\000o\000e\000f\000f\000i\000c\000i\000e\000n\000t\000s}{appendix.B}% 58
\BOOKMARK [1][-]{section.B.5}{\376\377\000M\000i\000c\000r\000o\000s\000c\000o\000p\000i\000c\000\040\000m\000o\000d\000e\000l\000\040\000f\000u\000n\000c\000t\000i\000o\000n\000s}{appendix.B}% 59
\BOOKMARK [0][-]{appendix.C}{\376\377\000F\000i\000t\000t\000i\000n\000g}{}% 60
\BOOKMARK [1][-]{section.C.1}{\376\377\000E\000m\000p\000i\000r\000i\000c\000a\000l\000\040\000f\000o\000r\000m\000u\000l\000a\000s\000\040\000f\000i\000t\000t\000i\000n\000g}{appendix.C}% 61
\BOOKMARK [1][-]{section.C.2}{\376\377\000F\000r\000e\000e\000\040\000p\000a\000r\000a\000m\000e\000t\000e\000r\000s\000\040\000f\000i\000t\000t\000i\000n\000g\000\040\000o\000n\000\040\000p\000o\000t\000e\000n\000t\000i\000a\000l\000\040\000m\000o\000d\000e\000l\000s}{appendix.C}% 62
\BOOKMARK [1][-]{section.C.3}{\376\377\000M\000i\000c\000r\000o\000s\000c\000o\000p\000i\000c\000\040\000m\000o\000d\000e\000l\000\040\000f\000i\000t\000t\000i\000n\000g}{appendix.C}% 63
\BOOKMARK [1][-]{section.C.4}{\376\377\000R\000-\000m\000a\000t\000r\000i\000x\000\040\000f\000i\000t\000t\000i\000n\000g}{appendix.C}% 64
\BOOKMARK [0][-]{appendix.D}{\376\377\000N\000u\000m\000e\000r\000i\000c\000a\000l\000\040\000i\000n\000t\000e\000g\000r\000a\000t\000i\000o\000n\000\040\000a\000n\000d\000\040\000d\000i\000f\000f\000e\000r\000e\000n\000t\000i\000a\000l\000\040\000e\000q\000u\000a\000t\000i\000o\000n\000\040\000s\000o\000l\000v\000i\000n\000g}{}% 65
\BOOKMARK [1][-]{section.D.1}{\376\377\000I\000n\000t\000e\000g\000r\000a\000t\000i\000o\000n\000\040\000o\000f\000\040\000s\000e\000l\000e\000c\000t\000e\000d\000\040\000p\000o\000t\000e\000n\000t\000i\000a\000l\000s}{appendix.D}% 66
\BOOKMARK [1][-]{section.D.2}{\376\377\000N\000u\000m\000e\000r\000i\000c\000a\000l\000\040\000s\000o\000l\000u\000t\000i\000o\000n\000\040\000o\000f\000\040\000t\000h\000e\000\040\000S\000c\000h\000r\000\366\000d\000i\000n\000g\000e\000r\000\040\000e\000q\000u\000a\000t\000i\000o\000n}{appendix.D}% 67
\BOOKMARK [2][-]{subsection.D.2.1}{\376\377\000M\000a\000i\000n\000\040\000a\000p\000p\000r\000o\000a\000c\000h}{section.D.2}% 68
\BOOKMARK [2][-]{subsection.D.2.2}{\376\377\000I\000m\000p\000l\000e\000m\000e\000n\000t\000a\000t\000i\000o\000n\000\040\000o\000f\000\040\000t\000h\000e\000\040\000p\000o\000t\000e\000n\000t\000i\000a\000l\000\040\000f\000u\000n\000c\000t\000i\000o\000n\000s}{section.D.2}% 69
\BOOKMARK [2][-]{subsection.D.2.3}{\376\377\000B\000o\000u\000n\000d\000a\000r\000y\000\040\000c\000o\000n\000d\000i\000t\000i\000o\000n\000s\000\040\000i\000m\000p\000l\000e\000m\000e\000n\000t\000a\000t\000i\000o\000n}{section.D.2}% 70
\BOOKMARK [0][-]{appendix.E}{\376\377\000C\000o\000m\000p\000u\000t\000e\000r\000\040\000c\000o\000d\000e\000s\000\040\000i\000m\000p\000l\000e\000m\000e\000n\000t\000a\000t\000i\000o\000n}{}% 71
\BOOKMARK [1][-]{section.E.1}{\376\377\000S\000t\000r\000u\000c\000t\000u\000r\000e\000\040\000o\000f\000\040\000t\000h\000e\000\040\000c\000o\000m\000p\000u\000t\000e\000r\000\040\000p\000r\000o\000g\000r\000a\000m}{appendix.E}% 72
\BOOKMARK [1][-]{section.E.2}{\376\377\000U\000s\000e\000r\000\040\000m\000a\000n\000u\000a\000l}{appendix.E}% 73
\BOOKMARK [2][-]{subsection.E.2.1}{\376\377\000I\000n\000s\000t\000a\000l\000l\000a\000t\000i\000o\000n}{section.E.2}% 74
\BOOKMARK [2][-]{subsection.E.2.2}{\376\377\000P\000l\000o\000t\000t\000i\000n\000g}{section.E.2}% 75
\BOOKMARK [2][-]{subsection.E.2.3}{\376\377\000E\000m\000p\000i\000r\000i\000c\000a\000l\000\040\000f\000i\000t\000t\000i\000n\000g}{section.E.2}% 76
\BOOKMARK [2][-]{subsection.E.2.4}{\376\377\000S\000p\000e\000c\000i\000f\000i\000c\000\040\000m\000o\000d\000e\000l\000\040\000f\000i\000t\000t\000i\000n\000g}{section.E.2}% 77
\BOOKMARK [2][-]{subsection.E.2.5}{\376\377\000M\000o\000d\000e\000l\000\040\000t\000e\000s\000t\000i\000n\000g}{section.E.2}% 78
\BOOKMARK [1][-]{section.E.3}{\376\377\000D\000o\000c\000u\000m\000e\000n\000t\000a\000t\000i\000o\000n}{appendix.E}% 79
\BOOKMARK [2][-]{subsection.E.3.1}{\376\377\000D\000a\000t\000a\000b\000a\000s\000e\000s}{section.E.3}% 80
\BOOKMARK [2][-]{subsection.E.3.2}{\376\377\000N\000o\000n\000\040\000r\000e\000s\000o\000n\000a\000n\000t}{section.E.3}% 81
\BOOKMARK [2][-]{subsection.E.3.3}{\376\377\000R\000e\000s\000o\000n\000a\000n\000t}{section.E.3}% 82
\BOOKMARK [2][-]{subsection.E.3.4}{\376\377\000P\000l\000o\000t\000s}{section.E.3}% 83
\BOOKMARK [2][-]{subsection.E.3.5}{\376\377\000R\000e\000c\000o\000n\000s\000t\000r\000u\000c\000t\000e\000d\000\040\000P\000l\000o\000t\000s}{section.E.3}% 84
\BOOKMARK [2][-]{subsection.E.3.6}{\376\377\000S\000o\000l\000v\000e\000r}{section.E.3}% 85
\BOOKMARK [2][-]{subsection.E.3.7}{\376\377\000U\000t\000i\000l\000s}{section.E.3}% 86
