This is pdfTeX, Version 3.141592653-2.6-1.40.22 (TeX Live 2021) (preloaded format=pdflatex 2022.1.5)  20 OCT 2022 15:58
entering extended mode
 restricted \write18 enabled.
 %&-line parsing enabled.
**monograph.tex
(./monograph.tex
LaTeX2e <2020-10-01> patch level 4
L3 programming layer <2021-02-18>
(/usr/local/texlive/2021/texmf-dist/tex/latex/base/book.cls
Document Class: book 2020/04/10 v1.4m Standard LaTeX document class
(/usr/local/texlive/2021/texmf-dist/tex/latex/base/bk10.clo
File: bk10.clo 2020/04/10 v1.4m Standard LaTeX file (size option)
)
\c@part=\count179
\c@chapter=\count180
\c@section=\count181
\c@subsection=\count182
\c@subsubsection=\count183
\c@paragraph=\count184
\c@subparagraph=\count185
\c@figure=\count186
\c@table=\count187
\abovecaptionskip=\skip47
\belowcaptionskip=\skip48
\bibindent=\dimen138
)
(/usr/local/texlive/2021/texmf-dist/tex/latex/base/inputenc.sty
Package: inputenc 2020/08/01 v1.3d Input encoding file
\inpenc@prehook=\toks15
\inpenc@posthook=\toks16
)
(/usr/local/texlive/2021/texmf-dist/tex/latex/preprint/fullpage.sty
Package: fullpage 1999/02/23 1.1 (PWD)
\FP@margin=\skip49
)
(/usr/local/texlive/2021/texmf-dist/tex/latex/float/float.sty
Package: float 2001/11/08 v1.3d Float enhancements (AL)
\c@float@type=\count188
\float@exts=\toks17
\float@box=\box47
\@float@everytoks=\toks18
\@floatcapt=\box48
)
(/usr/local/texlive/2021/texmf-dist/tex/latex/graphics/graphics.sty
Package: graphics 2020/08/30 v1.4c Standard LaTeX Graphics (DPC,SPQR)

(/usr/local/texlive/2021/texmf-dist/tex/latex/graphics/trig.sty
Package: trig 2016/01/03 v1.10 sin cos tan (DPC)
)
(/usr/local/texlive/2021/texmf-dist/tex/latex/graphics-cfg/graphics.cfg
File: graphics.cfg 2016/06/04 v1.11 sample graphics configuration
)
Package graphics Info: Driver file: pdftex.def on input line 105.

(/usr/local/texlive/2021/texmf-dist/tex/latex/graphics-def/pdftex.def
File: pdftex.def 2020/10/05 v1.2a Graphics/color driver for pdftex
))
(/usr/local/texlive/2021/texmf-dist/tex/latex/graphics/graphicx.sty
Package: graphicx 2020/09/09 v1.2b Enhanced LaTeX Graphics (DPC,SPQR)

(/usr/local/texlive/2021/texmf-dist/tex/latex/graphics/keyval.sty
Package: keyval 2014/10/28 v1.15 key=value parser (DPC)
\KV@toks@=\toks19
)
\Gin@req@height=\dimen139
\Gin@req@width=\dimen140
)
(/usr/local/texlive/2021/texmf-dist/tex/latex/csquotes/csquotes.sty
Package: csquotes 2021-02-22 v5.2l context-sensitive quotations (JAW)

(/usr/local/texlive/2021/texmf-dist/tex/latex/etoolbox/etoolbox.sty
Package: etoolbox 2020/10/05 v2.5k e-TeX tools for LaTeX (JAW)
\etb@tempcnta=\count189
)
\csq@reset=\count190
\csq@gtype=\count191
\csq@glevel=\count192
\csq@qlevel=\count193
\csq@maxlvl=\count194
\csq@tshold=\count195
\csq@ltx@everypar=\toks20

(/usr/local/texlive/2021/texmf-dist/tex/latex/csquotes/csquotes.def
File: csquotes.def 2021-02-22 v5.2l csquotes generic definitions (JAW)
)
Package csquotes Info: Trying to load configuration file 'csquotes.cfg'...
Package csquotes Info: ... configuration file loaded successfully.

(/usr/local/texlive/2021/texmf-dist/tex/latex/csquotes/csquotes.cfg
File: csquotes.cfg 
))
(/usr/local/texlive/2021/texmf-dist/tex/latex/hyperref/hyperref.sty
Package: hyperref 2021-02-27 v7.00k Hypertext links for LaTeX

(/usr/local/texlive/2021/texmf-dist/tex/generic/ltxcmds/ltxcmds.sty
Package: ltxcmds 2020-05-10 v1.25 LaTeX kernel commands for general use (HO)
)
(/usr/local/texlive/2021/texmf-dist/tex/generic/iftex/iftex.sty
Package: iftex 2020/03/06 v1.0d TeX engine tests
)
(/usr/local/texlive/2021/texmf-dist/tex/generic/pdftexcmds/pdftexcmds.sty
Package: pdftexcmds 2020-06-27 v0.33 Utility functions of pdfTeX for LuaTeX (HO
)

(/usr/local/texlive/2021/texmf-dist/tex/generic/infwarerr/infwarerr.sty
Package: infwarerr 2019/12/03 v1.5 Providing info/warning/error messages (HO)
)
Package pdftexcmds Info: \pdf@primitive is available.
Package pdftexcmds Info: \pdf@ifprimitive is available.
Package pdftexcmds Info: \pdfdraftmode found.
)
(/usr/local/texlive/2021/texmf-dist/tex/generic/kvsetkeys/kvsetkeys.sty
Package: kvsetkeys 2019/12/15 v1.18 Key value parser (HO)
)
(/usr/local/texlive/2021/texmf-dist/tex/generic/kvdefinekeys/kvdefinekeys.sty
Package: kvdefinekeys 2019-12-19 v1.6 Define keys (HO)
)
(/usr/local/texlive/2021/texmf-dist/tex/generic/pdfescape/pdfescape.sty
Package: pdfescape 2019/12/09 v1.15 Implements pdfTeX's escape features (HO)
)
(/usr/local/texlive/2021/texmf-dist/tex/latex/hycolor/hycolor.sty
Package: hycolor 2020-01-27 v1.10 Color options for hyperref/bookmark (HO)
)
(/usr/local/texlive/2021/texmf-dist/tex/latex/letltxmacro/letltxmacro.sty
Package: letltxmacro 2019/12/03 v1.6 Let assignment for LaTeX macros (HO)
)
(/usr/local/texlive/2021/texmf-dist/tex/latex/auxhook/auxhook.sty
Package: auxhook 2019-12-17 v1.6 Hooks for auxiliary files (HO)
)
(/usr/local/texlive/2021/texmf-dist/tex/latex/kvoptions/kvoptions.sty
Package: kvoptions 2020-10-07 v3.14 Key value format for package options (HO)
)
\@linkdim=\dimen141
\Hy@linkcounter=\count196
\Hy@pagecounter=\count197

(/usr/local/texlive/2021/texmf-dist/tex/latex/hyperref/pd1enc.def
File: pd1enc.def 2021-02-27 v7.00k Hyperref: PDFDocEncoding definition (HO)
Now handling font encoding PD1 ...
... no UTF-8 mapping file for font encoding PD1
)
(/usr/local/texlive/2021/texmf-dist/tex/latex/hyperref/hyperref-langpatches.def
File: hyperref-langpatches.def 2021-02-27 v7.00k Hyperref: patches for babel la
nguages
) (/usr/local/texlive/2021/texmf-dist/tex/generic/intcalc/intcalc.sty
Package: intcalc 2019/12/15 v1.3 Expandable calculations with integers (HO)
)
(/usr/local/texlive/2021/texmf-dist/tex/generic/etexcmds/etexcmds.sty
Package: etexcmds 2019/12/15 v1.7 Avoid name clashes with e-TeX commands (HO)
)
\Hy@SavedSpaceFactor=\count198

(/usr/local/texlive/2021/texmf-dist/tex/latex/hyperref/puenc.def
File: puenc.def 2021-02-27 v7.00k Hyperref: PDF Unicode definition (HO)
Now handling font encoding PU ...
... no UTF-8 mapping file for font encoding PU
)
Package hyperref Info: Hyper figures OFF on input line 4192.
Package hyperref Info: Link nesting OFF on input line 4197.
Package hyperref Info: Hyper index ON on input line 4200.
Package hyperref Info: Plain pages OFF on input line 4207.
Package hyperref Info: Backreferencing OFF on input line 4212.
Package hyperref Info: Implicit mode ON; LaTeX internals redefined.
Package hyperref Info: Bookmarks ON on input line 4445.
\c@Hy@tempcnt=\count199

(/usr/local/texlive/2021/texmf-dist/tex/latex/url/url.sty
\Urlmuskip=\muskip16
Package: url 2013/09/16  ver 3.4  Verb mode for urls, etc.
)
LaTeX Info: Redefining \url on input line 4804.
\XeTeXLinkMargin=\dimen142

(/usr/local/texlive/2021/texmf-dist/tex/generic/bitset/bitset.sty
Package: bitset 2019/12/09 v1.3 Handle bit-vector datatype (HO)

(/usr/local/texlive/2021/texmf-dist/tex/generic/bigintcalc/bigintcalc.sty
Package: bigintcalc 2019/12/15 v1.5 Expandable calculations on big integers (HO
)
))
\Fld@menulength=\count266
\Field@Width=\dimen143
\Fld@charsize=\dimen144
Package hyperref Info: Hyper figures OFF on input line 6075.
Package hyperref Info: Link nesting OFF on input line 6080.
Package hyperref Info: Hyper index ON on input line 6083.
Package hyperref Info: backreferencing OFF on input line 6090.
Package hyperref Info: Link coloring OFF on input line 6095.
Package hyperref Info: Link coloring with OCG OFF on input line 6100.
Package hyperref Info: PDF/A mode OFF on input line 6105.
LaTeX Info: Redefining \ref on input line 6145.
LaTeX Info: Redefining \pageref on input line 6149.

(/usr/local/texlive/2021/texmf-dist/tex/latex/base/atbegshi-ltx.sty
Package: atbegshi-ltx 2020/08/17 v1.0a Emulation of the original atbegshi packa
ge
with kernel methods
)
\Hy@abspage=\count267
\c@Item=\count268
\c@Hfootnote=\count269
)
Package hyperref Info: Driver (autodetected): hpdftex.

(/usr/local/texlive/2021/texmf-dist/tex/latex/hyperref/hpdftex.def
File: hpdftex.def 2021-02-27 v7.00k Hyperref driver for pdfTeX

(/usr/local/texlive/2021/texmf-dist/tex/latex/base/atveryend-ltx.sty
Package: atveryend-ltx 2020/08/19 v1.0a Emulation of the original atvery packag
e
with kernel methods
)
\Fld@listcount=\count270
\c@bookmark@seq@number=\count271

(/usr/local/texlive/2021/texmf-dist/tex/latex/rerunfilecheck/rerunfilecheck.sty
Package: rerunfilecheck 2019/12/05 v1.9 Rerun checks for auxiliary files (HO)

(/usr/local/texlive/2021/texmf-dist/tex/generic/uniquecounter/uniquecounter.sty
Package: uniquecounter 2019/12/15 v1.4 Provide unlimited unique counter (HO)
)
Package uniquecounter Info: New unique counter `rerunfilecheck' on input line 2
86.
)
\Hy@SectionHShift=\skip50
) (/usr/local/texlive/2021/texmf-dist/tex/latex/amsmath/amsmath.sty
Package: amsmath 2020/09/23 v2.17i AMS math features
\@mathmargin=\skip51

For additional information on amsmath, use the `?' option.
(/usr/local/texlive/2021/texmf-dist/tex/latex/amsmath/amstext.sty
Package: amstext 2000/06/29 v2.01 AMS text

(/usr/local/texlive/2021/texmf-dist/tex/latex/amsmath/amsgen.sty
File: amsgen.sty 1999/11/30 v2.0 generic functions
\@emptytoks=\toks21
\ex@=\dimen145
))
(/usr/local/texlive/2021/texmf-dist/tex/latex/amsmath/amsbsy.sty
Package: amsbsy 1999/11/29 v1.2d Bold Symbols
\pmbraise@=\dimen146
)
(/usr/local/texlive/2021/texmf-dist/tex/latex/amsmath/amsopn.sty
Package: amsopn 2016/03/08 v2.02 operator names
)
\inf@bad=\count272
LaTeX Info: Redefining \frac on input line 234.
\uproot@=\count273
\leftroot@=\count274
LaTeX Info: Redefining \overline on input line 399.
\classnum@=\count275
\DOTSCASE@=\count276
LaTeX Info: Redefining \ldots on input line 496.
LaTeX Info: Redefining \dots on input line 499.
LaTeX Info: Redefining \cdots on input line 620.
\Mathstrutbox@=\box49
\strutbox@=\box50
\big@size=\dimen147
LaTeX Font Info:    Redeclaring font encoding OML on input line 743.
LaTeX Font Info:    Redeclaring font encoding OMS on input line 744.
\macc@depth=\count277
\c@MaxMatrixCols=\count278
\dotsspace@=\muskip17
\c@parentequation=\count279
\dspbrk@lvl=\count280
\tag@help=\toks22
\row@=\count281
\column@=\count282
\maxfields@=\count283
\andhelp@=\toks23
\eqnshift@=\dimen148
\alignsep@=\dimen149
\tagshift@=\dimen150
\tagwidth@=\dimen151
\totwidth@=\dimen152
\lineht@=\dimen153
\@envbody=\toks24
\multlinegap=\skip52
\multlinetaggap=\skip53
\mathdisplay@stack=\toks25
LaTeX Info: Redefining \[ on input line 2923.
LaTeX Info: Redefining \] on input line 2924.
)
(/usr/local/texlive/2021/texmf-dist/tex/latex/pgf/frontendlayer/tikz.sty
(/usr/local/texlive/2021/texmf-dist/tex/latex/pgf/basiclayer/pgf.sty
(/usr/local/texlive/2021/texmf-dist/tex/latex/pgf/utilities/pgfrcs.sty
(/usr/local/texlive/2021/texmf-dist/tex/generic/pgf/utilities/pgfutil-common.te
x
\pgfutil@everybye=\toks26
\pgfutil@tempdima=\dimen154
\pgfutil@tempdimb=\dimen155

(/usr/local/texlive/2021/texmf-dist/tex/generic/pgf/utilities/pgfutil-common-li
sts.tex))
(/usr/local/texlive/2021/texmf-dist/tex/generic/pgf/utilities/pgfutil-latex.def
\pgfutil@abb=\box51
) (/usr/local/texlive/2021/texmf-dist/tex/generic/pgf/utilities/pgfrcs.code.tex
(/usr/local/texlive/2021/texmf-dist/tex/generic/pgf/pgf.revision.tex)
Package: pgfrcs 2020/12/27 v3.1.8b (3.1.8b)
))
Package: pgf 2020/12/27 v3.1.8b (3.1.8b)

(/usr/local/texlive/2021/texmf-dist/tex/latex/pgf/basiclayer/pgfcore.sty
(/usr/local/texlive/2021/texmf-dist/tex/latex/pgf/systemlayer/pgfsys.sty
(/usr/local/texlive/2021/texmf-dist/tex/generic/pgf/systemlayer/pgfsys.code.tex
Package: pgfsys 2020/12/27 v3.1.8b (3.1.8b)
(/usr/local/texlive/2021/texmf-dist/tex/generic/pgf/utilities/pgfkeys.code.tex
\pgfkeys@pathtoks=\toks27
\pgfkeys@temptoks=\toks28

(/usr/local/texlive/2021/texmf-dist/tex/generic/pgf/utilities/pgfkeysfiltered.c
ode.tex
\pgfkeys@tmptoks=\toks29
))
\pgf@x=\dimen156
\pgf@y=\dimen157
\pgf@xa=\dimen158
\pgf@ya=\dimen159
\pgf@xb=\dimen160
\pgf@yb=\dimen161
\pgf@xc=\dimen162
\pgf@yc=\dimen163
\pgf@xd=\dimen164
\pgf@yd=\dimen165
\w@pgf@writea=\write3
\r@pgf@reada=\read2
\c@pgf@counta=\count284
\c@pgf@countb=\count285
\c@pgf@countc=\count286
\c@pgf@countd=\count287
\t@pgf@toka=\toks30
\t@pgf@tokb=\toks31
\t@pgf@tokc=\toks32
\pgf@sys@id@count=\count288

(/usr/local/texlive/2021/texmf-dist/tex/generic/pgf/systemlayer/pgf.cfg
File: pgf.cfg 2020/12/27 v3.1.8b (3.1.8b)
)
Driver file for pgf: pgfsys-pdftex.def

(/usr/local/texlive/2021/texmf-dist/tex/generic/pgf/systemlayer/pgfsys-pdftex.d
ef
File: pgfsys-pdftex.def 2020/12/27 v3.1.8b (3.1.8b)

(/usr/local/texlive/2021/texmf-dist/tex/generic/pgf/systemlayer/pgfsys-common-p
df.def
File: pgfsys-common-pdf.def 2020/12/27 v3.1.8b (3.1.8b)
)))
(/usr/local/texlive/2021/texmf-dist/tex/generic/pgf/systemlayer/pgfsyssoftpath.
code.tex
File: pgfsyssoftpath.code.tex 2020/12/27 v3.1.8b (3.1.8b)
\pgfsyssoftpath@smallbuffer@items=\count289
\pgfsyssoftpath@bigbuffer@items=\count290
)
(/usr/local/texlive/2021/texmf-dist/tex/generic/pgf/systemlayer/pgfsysprotocol.
code.tex
File: pgfsysprotocol.code.tex 2020/12/27 v3.1.8b (3.1.8b)
)) (/usr/local/texlive/2021/texmf-dist/tex/latex/xcolor/xcolor.sty
Package: xcolor 2016/05/11 v2.12 LaTeX color extensions (UK)

(/usr/local/texlive/2021/texmf-dist/tex/latex/graphics-cfg/color.cfg
File: color.cfg 2016/01/02 v1.6 sample color configuration
)
Package xcolor Info: Driver file: pdftex.def on input line 225.
Package xcolor Info: Model `cmy' substituted by `cmy0' on input line 1348.
Package xcolor Info: Model `hsb' substituted by `rgb' on input line 1352.
Package xcolor Info: Model `RGB' extended on input line 1364.
Package xcolor Info: Model `HTML' substituted by `rgb' on input line 1366.
Package xcolor Info: Model `Hsb' substituted by `hsb' on input line 1367.
Package xcolor Info: Model `tHsb' substituted by `hsb' on input line 1368.
Package xcolor Info: Model `HSB' substituted by `hsb' on input line 1369.
Package xcolor Info: Model `Gray' substituted by `gray' on input line 1370.
Package xcolor Info: Model `wave' substituted by `hsb' on input line 1371.
)
(/usr/local/texlive/2021/texmf-dist/tex/generic/pgf/basiclayer/pgfcore.code.tex
Package: pgfcore 2020/12/27 v3.1.8b (3.1.8b)
(/usr/local/texlive/2021/texmf-dist/tex/generic/pgf/math/pgfmath.code.tex
(/usr/local/texlive/2021/texmf-dist/tex/generic/pgf/math/pgfmathcalc.code.tex
(/usr/local/texlive/2021/texmf-dist/tex/generic/pgf/math/pgfmathutil.code.tex)
(/usr/local/texlive/2021/texmf-dist/tex/generic/pgf/math/pgfmathparser.code.tex
\pgfmath@dimen=\dimen166
\pgfmath@count=\count291
\pgfmath@box=\box52
\pgfmath@toks=\toks33
\pgfmath@stack@operand=\toks34
\pgfmath@stack@operation=\toks35
)
(/usr/local/texlive/2021/texmf-dist/tex/generic/pgf/math/pgfmathfunctions.code.
tex
(/usr/local/texlive/2021/texmf-dist/tex/generic/pgf/math/pgfmathfunctions.basic
.code.tex)
(/usr/local/texlive/2021/texmf-dist/tex/generic/pgf/math/pgfmathfunctions.trigo
nometric.code.tex)
(/usr/local/texlive/2021/texmf-dist/tex/generic/pgf/math/pgfmathfunctions.rando
m.code.tex)
(/usr/local/texlive/2021/texmf-dist/tex/generic/pgf/math/pgfmathfunctions.compa
rison.code.tex)
(/usr/local/texlive/2021/texmf-dist/tex/generic/pgf/math/pgfmathfunctions.base.
code.tex)
(/usr/local/texlive/2021/texmf-dist/tex/generic/pgf/math/pgfmathfunctions.round
.code.tex)
(/usr/local/texlive/2021/texmf-dist/tex/generic/pgf/math/pgfmathfunctions.misc.
code.tex)
(/usr/local/texlive/2021/texmf-dist/tex/generic/pgf/math/pgfmathfunctions.integ
erarithmetics.code.tex)))
(/usr/local/texlive/2021/texmf-dist/tex/generic/pgf/math/pgfmathfloat.code.tex
\c@pgfmathroundto@lastzeros=\count292
)) (/usr/local/texlive/2021/texmf-dist/tex/generic/pgf/math/pgfint.code.tex)
(/usr/local/texlive/2021/texmf-dist/tex/generic/pgf/basiclayer/pgfcorepoints.co
de.tex
File: pgfcorepoints.code.tex 2020/12/27 v3.1.8b (3.1.8b)
\pgf@picminx=\dimen167
\pgf@picmaxx=\dimen168
\pgf@picminy=\dimen169
\pgf@picmaxy=\dimen170
\pgf@pathminx=\dimen171
\pgf@pathmaxx=\dimen172
\pgf@pathminy=\dimen173
\pgf@pathmaxy=\dimen174
\pgf@xx=\dimen175
\pgf@xy=\dimen176
\pgf@yx=\dimen177
\pgf@yy=\dimen178
\pgf@zx=\dimen179
\pgf@zy=\dimen180
)
(/usr/local/texlive/2021/texmf-dist/tex/generic/pgf/basiclayer/pgfcorepathconst
ruct.code.tex
File: pgfcorepathconstruct.code.tex 2020/12/27 v3.1.8b (3.1.8b)
\pgf@path@lastx=\dimen181
\pgf@path@lasty=\dimen182
)
(/usr/local/texlive/2021/texmf-dist/tex/generic/pgf/basiclayer/pgfcorepathusage
.code.tex
File: pgfcorepathusage.code.tex 2020/12/27 v3.1.8b (3.1.8b)
\pgf@shorten@end@additional=\dimen183
\pgf@shorten@start@additional=\dimen184
)
(/usr/local/texlive/2021/texmf-dist/tex/generic/pgf/basiclayer/pgfcorescopes.co
de.tex
File: pgfcorescopes.code.tex 2020/12/27 v3.1.8b (3.1.8b)
\pgfpic=\box53
\pgf@hbox=\box54
\pgf@layerbox@main=\box55
\pgf@picture@serial@count=\count293
)
(/usr/local/texlive/2021/texmf-dist/tex/generic/pgf/basiclayer/pgfcoregraphicst
ate.code.tex
File: pgfcoregraphicstate.code.tex 2020/12/27 v3.1.8b (3.1.8b)
\pgflinewidth=\dimen185
)
(/usr/local/texlive/2021/texmf-dist/tex/generic/pgf/basiclayer/pgfcoretransform
ations.code.tex
File: pgfcoretransformations.code.tex 2020/12/27 v3.1.8b (3.1.8b)
\pgf@pt@x=\dimen186
\pgf@pt@y=\dimen187
\pgf@pt@temp=\dimen188
)
(/usr/local/texlive/2021/texmf-dist/tex/generic/pgf/basiclayer/pgfcorequick.cod
e.tex
File: pgfcorequick.code.tex 2020/12/27 v3.1.8b (3.1.8b)
)
(/usr/local/texlive/2021/texmf-dist/tex/generic/pgf/basiclayer/pgfcoreobjects.c
ode.tex
File: pgfcoreobjects.code.tex 2020/12/27 v3.1.8b (3.1.8b)
)
(/usr/local/texlive/2021/texmf-dist/tex/generic/pgf/basiclayer/pgfcorepathproce
ssing.code.tex
File: pgfcorepathprocessing.code.tex 2020/12/27 v3.1.8b (3.1.8b)
)
(/usr/local/texlive/2021/texmf-dist/tex/generic/pgf/basiclayer/pgfcorearrows.co
de.tex
File: pgfcorearrows.code.tex 2020/12/27 v3.1.8b (3.1.8b)
\pgfarrowsep=\dimen189
)
(/usr/local/texlive/2021/texmf-dist/tex/generic/pgf/basiclayer/pgfcoreshade.cod
e.tex
File: pgfcoreshade.code.tex 2020/12/27 v3.1.8b (3.1.8b)
\pgf@max=\dimen190
\pgf@sys@shading@range@num=\count294
\pgf@shadingcount=\count295
)
(/usr/local/texlive/2021/texmf-dist/tex/generic/pgf/basiclayer/pgfcoreimage.cod
e.tex
File: pgfcoreimage.code.tex 2020/12/27 v3.1.8b (3.1.8b)

(/usr/local/texlive/2021/texmf-dist/tex/generic/pgf/basiclayer/pgfcoreexternal.
code.tex
File: pgfcoreexternal.code.tex 2020/12/27 v3.1.8b (3.1.8b)
\pgfexternal@startupbox=\box56
))
(/usr/local/texlive/2021/texmf-dist/tex/generic/pgf/basiclayer/pgfcorelayers.co
de.tex
File: pgfcorelayers.code.tex 2020/12/27 v3.1.8b (3.1.8b)
)
(/usr/local/texlive/2021/texmf-dist/tex/generic/pgf/basiclayer/pgfcoretranspare
ncy.code.tex
File: pgfcoretransparency.code.tex 2020/12/27 v3.1.8b (3.1.8b)
)
(/usr/local/texlive/2021/texmf-dist/tex/generic/pgf/basiclayer/pgfcorepatterns.
code.tex
File: pgfcorepatterns.code.tex 2020/12/27 v3.1.8b (3.1.8b)
)
(/usr/local/texlive/2021/texmf-dist/tex/generic/pgf/basiclayer/pgfcorerdf.code.
tex
File: pgfcorerdf.code.tex 2020/12/27 v3.1.8b (3.1.8b)
)))
(/usr/local/texlive/2021/texmf-dist/tex/generic/pgf/modules/pgfmoduleshapes.cod
e.tex
File: pgfmoduleshapes.code.tex 2020/12/27 v3.1.8b (3.1.8b)
\pgfnodeparttextbox=\box57
)
(/usr/local/texlive/2021/texmf-dist/tex/generic/pgf/modules/pgfmoduleplot.code.
tex
File: pgfmoduleplot.code.tex 2020/12/27 v3.1.8b (3.1.8b)
)
(/usr/local/texlive/2021/texmf-dist/tex/latex/pgf/compatibility/pgfcomp-version
-0-65.sty
Package: pgfcomp-version-0-65 2020/12/27 v3.1.8b (3.1.8b)
\pgf@nodesepstart=\dimen191
\pgf@nodesepend=\dimen192
)
(/usr/local/texlive/2021/texmf-dist/tex/latex/pgf/compatibility/pgfcomp-version
-1-18.sty
Package: pgfcomp-version-1-18 2020/12/27 v3.1.8b (3.1.8b)
))
(/usr/local/texlive/2021/texmf-dist/tex/latex/pgf/utilities/pgffor.sty
(/usr/local/texlive/2021/texmf-dist/tex/latex/pgf/utilities/pgfkeys.sty
(/usr/local/texlive/2021/texmf-dist/tex/generic/pgf/utilities/pgfkeys.code.tex)
) (/usr/local/texlive/2021/texmf-dist/tex/latex/pgf/math/pgfmath.sty
(/usr/local/texlive/2021/texmf-dist/tex/generic/pgf/math/pgfmath.code.tex))
(/usr/local/texlive/2021/texmf-dist/tex/generic/pgf/utilities/pgffor.code.tex
Package: pgffor 2020/12/27 v3.1.8b (3.1.8b)

(/usr/local/texlive/2021/texmf-dist/tex/generic/pgf/math/pgfmath.code.tex)
\pgffor@iter=\dimen193
\pgffor@skip=\dimen194
\pgffor@stack=\toks36
\pgffor@toks=\toks37
))
(/usr/local/texlive/2021/texmf-dist/tex/generic/pgf/frontendlayer/tikz/tikz.cod
e.tex
Package: tikz 2020/12/27 v3.1.8b (3.1.8b)

(/usr/local/texlive/2021/texmf-dist/tex/generic/pgf/libraries/pgflibraryplothan
dlers.code.tex
File: pgflibraryplothandlers.code.tex 2020/12/27 v3.1.8b (3.1.8b)
\pgf@plot@mark@count=\count296
\pgfplotmarksize=\dimen195
)
\tikz@lastx=\dimen196
\tikz@lasty=\dimen197
\tikz@lastxsaved=\dimen198
\tikz@lastysaved=\dimen199
\tikz@lastmovetox=\dimen256
\tikz@lastmovetoy=\dimen257
\tikzleveldistance=\dimen258
\tikzsiblingdistance=\dimen259
\tikz@figbox=\box58
\tikz@figbox@bg=\box59
\tikz@tempbox=\box60
\tikz@tempbox@bg=\box61
\tikztreelevel=\count297
\tikznumberofchildren=\count298
\tikznumberofcurrentchild=\count299
\tikz@fig@count=\count300

(/usr/local/texlive/2021/texmf-dist/tex/generic/pgf/modules/pgfmodulematrix.cod
e.tex
File: pgfmodulematrix.code.tex 2020/12/27 v3.1.8b (3.1.8b)
\pgfmatrixcurrentrow=\count301
\pgfmatrixcurrentcolumn=\count302
\pgf@matrix@numberofcolumns=\count303
)
\tikz@expandcount=\count304

(/usr/local/texlive/2021/texmf-dist/tex/generic/pgf/frontendlayer/tikz/librarie
s/tikzlibrarytopaths.code.tex
File: tikzlibrarytopaths.code.tex 2020/12/27 v3.1.8b (3.1.8b)
)))
(/usr/local/texlive/2021/texmf-dist/tex/latex/pgfplots/pgfplots.sty
(/usr/local/texlive/2021/texmf-dist/tex/generic/pgfplots/pgfplots.revision.tex)
Package: pgfplots 2020/02/29 v1.17 Data Visualization (1.17)
(/usr/local/texlive/2021/texmf-dist/tex/generic/pgfplots/pgfplots.code.tex
(/usr/local/texlive/2021/texmf-dist/tex/generic/pgfplots/pgfplotscore.code.tex
\t@pgfplots@toka=\toks38
\t@pgfplots@tokb=\toks39
\t@pgfplots@tokc=\toks40
\pgfplots@tmpa=\dimen260
\c@pgfplots@coordindex=\count305
\c@pgfplots@scanlineindex=\count306

(/usr/local/texlive/2021/texmf-dist/tex/generic/pgfplots/sys/pgfplotssysgeneric
.code.tex))
(/usr/local/texlive/2021/texmf-dist/tex/generic/pgfplots/libs/pgfplotslibrary.c
ode.tex)
(/usr/local/texlive/2021/texmf-dist/tex/generic/pgfplots/oldpgfcompatib/pgfplot
soldpgfsupp_loader.code.tex
(/usr/local/texlive/2021/texmf-dist/tex/generic/pgf/libraries/pgflibraryfpu.cod
e.tex))
(/usr/local/texlive/2021/texmf-dist/tex/generic/pgfplots/util/pgfplotsutil.code
.tex
(/usr/local/texlive/2021/texmf-dist/tex/generic/pgfplots/liststructure/pgfplots
liststructure.code.tex)
(/usr/local/texlive/2021/texmf-dist/tex/generic/pgfplots/liststructure/pgfplots
liststructureext.code.tex)
(/usr/local/texlive/2021/texmf-dist/tex/generic/pgfplots/liststructure/pgfplots
array.code.tex
\c@pgfplotsarray@tmp=\count307
)
(/usr/local/texlive/2021/texmf-dist/tex/generic/pgfplots/liststructure/pgfplots
matrix.code.tex)
(/usr/local/texlive/2021/texmf-dist/tex/generic/pgfplots/numtable/pgfplotstable
shared.code.tex
\c@pgfplotstable@counta=\count308
\t@pgfplotstable@a=\toks41
)
(/usr/local/texlive/2021/texmf-dist/tex/generic/pgfplots/liststructure/pgfplots
deque.code.tex)
(/usr/local/texlive/2021/texmf-dist/tex/generic/pgfplots/util/pgfplotsbinary.co
de.tex
(/usr/local/texlive/2021/texmf-dist/tex/generic/pgfplots/util/pgfplotsbinary.da
ta.code.tex))
(/usr/local/texlive/2021/texmf-dist/tex/generic/pgfplots/util/pgfplotsutil.verb
.code.tex)
(/usr/local/texlive/2021/texmf-dist/tex/generic/pgfplots/libs/pgflibrarypgfplot
s.surfshading.code.tex
\c@pgfplotslibrarysurf@no=\count309

(/usr/local/texlive/2021/texmf-dist/tex/generic/pgfplots/sys/pgflibrarypgfplots
.surfshading.pgfsys-pdftex.def)))
(/usr/local/texlive/2021/texmf-dist/tex/generic/pgfplots/util/pgfplotscolormap.
code.tex
(/usr/local/texlive/2021/texmf-dist/tex/generic/pgfplots/util/pgfplotscolor.cod
e.tex))
(/usr/local/texlive/2021/texmf-dist/tex/generic/pgfplots/pgfplotsstackedplots.c
ode.tex)
(/usr/local/texlive/2021/texmf-dist/tex/generic/pgfplots/pgfplotsplothandlers.c
ode.tex
(/usr/local/texlive/2021/texmf-dist/tex/generic/pgfplots/pgfplotsmeshplothandle
r.code.tex
(/usr/local/texlive/2021/texmf-dist/tex/generic/pgfplots/pgfplotsmeshplotimage.
code.tex)))
(/usr/local/texlive/2021/texmf-dist/tex/generic/pgfplots/pgfplots.scaling.code.
tex)
(/usr/local/texlive/2021/texmf-dist/tex/generic/pgfplots/pgfplotscoordprocessin
g.code.tex)
(/usr/local/texlive/2021/texmf-dist/tex/generic/pgfplots/pgfplots.errorbars.cod
e.tex)
(/usr/local/texlive/2021/texmf-dist/tex/generic/pgfplots/pgfplots.markers.code.
tex)
(/usr/local/texlive/2021/texmf-dist/tex/generic/pgfplots/pgfplotsticks.code.tex
)
(/usr/local/texlive/2021/texmf-dist/tex/generic/pgfplots/pgfplots.paths.code.te
x)
(/usr/local/texlive/2021/texmf-dist/tex/generic/pgf/frontendlayer/tikz/librarie
s/tikzlibrarydecorations.code.tex
(/usr/local/texlive/2021/texmf-dist/tex/generic/pgf/modules/pgfmoduledecoration
s.code.tex
\pgfdecoratedcompleteddistance=\dimen261
\pgfdecoratedremainingdistance=\dimen262
\pgfdecoratedinputsegmentcompleteddistance=\dimen263
\pgfdecoratedinputsegmentremainingdistance=\dimen264
\pgf@decorate@distancetomove=\dimen265
\pgf@decorate@repeatstate=\count310
\pgfdecorationsegmentamplitude=\dimen266
\pgfdecorationsegmentlength=\dimen267
)
\tikz@lib@dec@box=\box62
)
(/usr/local/texlive/2021/texmf-dist/tex/generic/pgf/frontendlayer/tikz/librarie
s/tikzlibrarydecorations.pathmorphing.code.tex
(/usr/local/texlive/2021/texmf-dist/tex/generic/pgf/libraries/decorations/pgfli
brarydecorations.pathmorphing.code.tex))
(/usr/local/texlive/2021/texmf-dist/tex/generic/pgf/frontendlayer/tikz/librarie
s/tikzlibrarydecorations.pathreplacing.code.tex
(/usr/local/texlive/2021/texmf-dist/tex/generic/pgf/libraries/decorations/pgfli
brarydecorations.pathreplacing.code.tex))
\pgfplots@numplots=\count311
\pgfplots@xmin@reg=\dimen268
\pgfplots@xmax@reg=\dimen269
\pgfplots@ymin@reg=\dimen270
\pgfplots@ymax@reg=\dimen271
\pgfplots@zmin@reg=\dimen272
\pgfplots@zmax@reg=\dimen273
)
(/usr/local/texlive/2021/texmf-dist/tex/generic/pgf/frontendlayer/tikz/librarie
s/tikzlibraryplotmarks.code.tex
File: tikzlibraryplotmarks.code.tex 2020/12/27 v3.1.8b (3.1.8b)

(/usr/local/texlive/2021/texmf-dist/tex/generic/pgf/libraries/pgflibraryplotmar
ks.code.tex
File: pgflibraryplotmarks.code.tex 2020/12/27 v3.1.8b (3.1.8b)
)))
(/usr/local/texlive/2021/texmf-dist/tex/latex/tikz-3dplot/tikz-3dplot.sty
(/usr/local/texlive/2021/texmf-dist/tex/latex/base/ifthen.sty
Package: ifthen 2014/09/29 v1.1c Standard LaTeX ifthen package (DPC)
)
(/usr/local/texlive/2021/texmf-dist/tex/generic/pgf/frontendlayer/tikz/librarie
s/tikzlibrarycalc.code.tex
File: tikzlibrarycalc.code.tex 2020/12/27 v3.1.8b (3.1.8b)
)
(/usr/local/texlive/2021/texmf-dist/tex/generic/pgf/frontendlayer/tikz/librarie
s/tikzlibrary3d.code.tex
File: tikzlibrary3d.code.tex 2020/12/27 v3.1.8b (3.1.8b)
)
(/usr/local/texlive/2021/texmf-dist/tex/generic/pgf/frontendlayer/tikz/librarie
s/tikzlibraryarrows.code.tex
File: tikzlibraryarrows.code.tex 2020/12/27 v3.1.8b (3.1.8b)

(/usr/local/texlive/2021/texmf-dist/tex/generic/pgf/libraries/pgflibraryarrows.
code.tex
File: pgflibraryarrows.code.tex 2020/12/27 v3.1.8b (3.1.8b)
\arrowsize=\dimen274
))) (/usr/local/texlive/2021/texmf-dist/tex/latex/import/import.sty
Package: import 2020/04/01  v 6.2
)
(/usr/local/texlive/2021/texmf-dist/tex/latex/amsfonts/amssymb.sty
Package: amssymb 2013/01/14 v3.01 AMS font symbols

(/usr/local/texlive/2021/texmf-dist/tex/latex/amsfonts/amsfonts.sty
Package: amsfonts 2013/01/14 v3.01 Basic AMSFonts support
\symAMSa=\mathgroup4
\symAMSb=\mathgroup5
LaTeX Font Info:    Redeclaring math symbol \hbar on input line 98.
LaTeX Font Info:    Overwriting math alphabet `\mathfrak' in version `bold'
(Font)                  U/euf/m/n --> U/euf/b/n on input line 106.
))
(/usr/local/texlive/2021/texmf-dist/tex/latex/epstopdf-pkg/epstopdf.sty
Package: epstopdf 2020-01-24 v2.11 Conversion with epstopdf on the fly (HO)

(/usr/local/texlive/2021/texmf-dist/tex/latex/grfext/grfext.sty
Package: grfext 2019/12/03 v1.3 Manage graphics extensions (HO)
)
(/usr/local/texlive/2021/texmf-dist/tex/latex/epstopdf-pkg/epstopdf-base.sty
Package: epstopdf-base 2020-01-24 v2.11 Base part for package epstopdf
Package epstopdf-base Info: Redefining graphics rule for `.eps' on input line 4
85.
Package grfext Info: Graphics extension search list:
(grfext)             [.pdf,.png,.jpg,.mps,.jpeg,.jbig2,.jb2,.PDF,.PNG,.JPG,.JPE
G,.JBIG2,.JB2,.eps]
(grfext)             \AppendGraphicsExtensions on input line 504.

(/usr/local/texlive/2021/texmf-dist/tex/latex/latexconfig/epstopdf-sys.cfg
File: epstopdf-sys.cfg 2010/07/13 v1.3 Configuration of (r)epstopdf for TeX Liv
e
)))
(/usr/local/texlive/2021/texmf-dist/tex/latex/bold-extra/bold-extra.sty
Package: bold-extra 2001/11/13 v0.1 Use fonts from cm/mf-extra/bold
)
(/usr/local/texlive/2021/texmf-dist/tex/latex/caption/caption.sty
Package: caption 2020/10/26 v3.5g Customizing captions (AR)

(/usr/local/texlive/2021/texmf-dist/tex/latex/caption/caption3.sty
Package: caption3 2020/10/21 v2.2e caption3 kernel (AR)
\captionmargin=\dimen275
\captionmargin@=\dimen276
\captionwidth=\dimen277
\caption@tempdima=\dimen278
\caption@indent=\dimen279
\caption@parindent=\dimen280
\caption@hangindent=\dimen281
Package caption Info: Standard document class detected.
)
\c@caption@flags=\count312
\c@continuedfloat=\count313
Package caption Info: float package is loaded.
Package caption Info: hyperref package is loaded.
)
(/usr/local/texlive/2021/texmf-dist/tex/latex/caption/subcaption.sty
Package: subcaption 2020/10/07 v1.3j Sub-captions (AR)
\c@subfigure=\count314
\c@subtable=\count315
)
(/usr/local/texlive/2021/texmf-dist/tex/latex/base/fontenc.sty
Package: fontenc 2020/08/10 v2.0s Standard LaTeX package
)
(/usr/local/texlive/2021/texmf-dist/tex/latex/xargs/xargs.sty
Package: xargs 2008/03/22 v1.1  extended macro definitions  (mpg)

(/usr/local/texlive/2021/texmf-dist/tex/latex/xkeyval/xkeyval.sty
Package: xkeyval 2020/11/20 v2.8 package option processing (HA)

(/usr/local/texlive/2021/texmf-dist/tex/generic/xkeyval/xkeyval.tex
(/usr/local/texlive/2021/texmf-dist/tex/generic/xkeyval/xkvutils.tex
\XKV@toks=\toks42
\XKV@tempa@toks=\toks43
)
\XKV@depth=\count316
File: xkeyval.tex 2014/12/03 v2.7a key=value parser (HA)
))
\xargs@max=\count317
\xargs@toksa=\toks44
\xargs@toksb=\toks45
)
(/usr/local/texlive/2021/texmf-dist/tex/latex/multirow/multirow.sty
Package: multirow 2021/03/15 v2.8 Span multiple rows of a table
\multirow@colwidth=\skip54
\multirow@cntb=\count318
\multirow@dima=\skip55
\bigstrutjot=\dimen282
)
Package csquotes Info: Checking for multilingual support...
Package csquotes Info: ... none found.

(/usr/local/texlive/2021/texmf-dist/tex/latex/l3backend/l3backend-pdftex.def
File: l3backend-pdftex.def 2021-03-18 L3 backend support: PDF output (pdfTeX)
\l__color_backend_stack_int=\count319
\l__pdf_internal_box=\box63
)
(./monograph.aux)
\openout1 = `monograph.aux'.

LaTeX Font Info:    Checking defaults for OML/cmm/m/it on input line 29.
LaTeX Font Info:    ... okay on input line 29.
LaTeX Font Info:    Checking defaults for OMS/cmsy/m/n on input line 29.
LaTeX Font Info:    ... okay on input line 29.
LaTeX Font Info:    Checking defaults for OT1/cmr/m/n on input line 29.
LaTeX Font Info:    ... okay on input line 29.
LaTeX Font Info:    Checking defaults for T1/cmr/m/n on input line 29.
LaTeX Font Info:    ... okay on input line 29.
LaTeX Font Info:    Checking defaults for TS1/cmr/m/n on input line 29.
LaTeX Font Info:    ... okay on input line 29.
LaTeX Font Info:    Checking defaults for OMX/cmex/m/n on input line 29.
LaTeX Font Info:    ... okay on input line 29.
LaTeX Font Info:    Checking defaults for U/cmr/m/n on input line 29.
LaTeX Font Info:    ... okay on input line 29.
LaTeX Font Info:    Checking defaults for PD1/pdf/m/n on input line 29.
LaTeX Font Info:    ... okay on input line 29.
LaTeX Font Info:    Checking defaults for PU/pdf/m/n on input line 29.
LaTeX Font Info:    ... okay on input line 29.

(/usr/local/texlive/2021/texmf-dist/tex/context/base/mkii/supp-pdf.mkii
[Loading MPS to PDF converter (version 2006.09.02).]
\scratchcounter=\count320
\scratchdimen=\dimen283
\scratchbox=\box64
\nofMPsegments=\count321
\nofMParguments=\count322
\everyMPshowfont=\toks46
\MPscratchCnt=\count323
\MPscratchDim=\dimen284
\MPnumerator=\count324
\makeMPintoPDFobject=\count325
\everyMPtoPDFconversion=\toks47
)
Package hyperref Info: Link coloring OFF on input line 29.
 (/usr/local/texlive/2021/texmf-dist/tex/latex/hyperref/nameref.sty
Package: nameref 2021-04-02 v2.47 Cross-referencing by name of section

(/usr/local/texlive/2021/texmf-dist/tex/latex/refcount/refcount.sty
Package: refcount 2019/12/15 v3.6 Data extraction from label references (HO)
)
(/usr/local/texlive/2021/texmf-dist/tex/generic/gettitlestring/gettitlestring.s
ty
Package: gettitlestring 2019/12/15 v1.6 Cleanup title references (HO)
)
\c@section@level=\count326
)
LaTeX Info: Redefining \ref on input line 29.
LaTeX Info: Redefining \pageref on input line 29.
LaTeX Info: Redefining \nameref on input line 29.
 (./monograph.out) (./monograph.out)
\@outlinefile=\write4
\openout4 = `monograph.out'.



Package pgfplots Warning: running in backwards compatibility mode (unsuitable t
ick labels; missing features). Consider writing \pgfplotsset{compat=1.17} into 
your preamble.
 on input line 29.

Package caption Info: Begin \AtBeginDocument code.
Package caption Info: End \AtBeginDocument code.
<logo.pdf, id=445, 398.48875pt x 202.86128pt>
File: logo.pdf Graphic file (type pdf)
<use logo.pdf>
Package pdftex.def Info: logo.pdf  used on input line 38.
(pdftex.def)             Requested size: 234.8775pt x 119.56947pt.
[1


{/usr/local/texlive/2021/texmf-var/fonts/map/pdftex/updmap/pdftex.map} <./logo.
pdf>]
Underfull \hbox (badness 10000) in paragraph at lines 60--61

 []


Underfull \hbox (badness 10000) in paragraph at lines 62--63

 []


Underfull \hbox (badness 10000) in paragraph at lines 64--65

 []


Underfull \hbox (badness 10000) in paragraph at lines 66--67

 []

[2

] [3


] (./monograph.toc
LaTeX Font Info:    Trying to load font information for U+msa on input line 2.

(/usr/local/texlive/2021/texmf-dist/tex/latex/amsfonts/umsa.fd
File: umsa.fd 2013/01/14 v3.01 AMS symbols A
)
LaTeX Font Info:    Trying to load font information for U+msb on input line 2.

(/usr/local/texlive/2021/texmf-dist/tex/latex/amsfonts/umsb.fd
File: umsb.fd 2013/01/14 v3.01 AMS symbols B
) [4


] [5])
\tf@toc=\write5
\openout5 = `monograph.toc'.


[6] (./monograph.lof)
\tf@lof=\write6
\openout6 = `monograph.lof'.

 [7

] (./monograph.lot)
\tf@lot=\write7
\openout7 = `monograph.lot'.

 (./Library/commands.tex) [8

]
Chapter 1.

Underfull \hbox (badness 10000) in paragraph at lines 92--93

 []


Underfull \hbox (badness 10000) in paragraph at lines 94--95

 []


Underfull \hbox (badness 10000) in paragraph at lines 96--97

 []


Underfull \hbox (badness 10000) in paragraph at lines 98--99

 []


Underfull \hbox (badness 10000) in paragraph at lines 101--111

 []


Underfull \hbox (badness 10000) in paragraph at lines 118--119

 []

Package epstopdf Info: Source file: <Graphs/BindingEnergyCurve.eps>
(epstopdf)                    date: 2022-09-24 15:35:37
(epstopdf)                    size: 2606618 bytes
(epstopdf)             Output file: <Graphs/BindingEnergyCurve-eps-converted-to
.pdf>
(epstopdf)                    date: 2022-09-30 03:15:24
(epstopdf)                    size: 365045 bytes
(epstopdf)             Command: <repstopdf --outfile=Graphs/BindingEnergyCurve-
eps-converted-to.pdf Graphs/BindingEnergyCurve.eps>
(epstopdf)             \includegraphics on input line 120.
Package epstopdf Info: Output file is already uptodate.
<Graphs/BindingEnergyCurve-eps-converted-to.pdf, id=700, 462.72874pt x 347.2975
pt>
File: Graphs/BindingEnergyCurve-eps-converted-to.pdf Graphic file (type pdf)
<use Graphs/BindingEnergyCurve-eps-converted-to.pdf>
Package pdftex.def Info: Graphs/BindingEnergyCurve-eps-converted-to.pdf  used o
n input line 120.
(pdftex.def)             Requested size: 462.72762pt x 347.29665pt.

Underfull \vbox (badness 7326) has occurred while \output is active []

 [9

]
Underfull \hbox (badness 10000) in paragraph at lines 122--128

 []


Underfull \hbox (badness 10000) in paragraph at lines 129--137

 []


Underfull \hbox (badness 10000) in paragraph at lines 138--142

 []


Underfull \hbox (badness 10000) in paragraph at lines 150--158

 []

[10 <./Graphs/BindingEnergyCurve-eps-converted-to.pdf>]
Underfull \hbox (badness 10000) in paragraph at lines 254--255

 []


Underfull \hbox (badness 10000) in paragraph at lines 262--263

 []

[11]
Underfull \hbox (badness 10000) in paragraph at lines 276--277

 []


Underfull \hbox (badness 10000) in paragraph at lines 301--302

 []


Underfull \hbox (badness 10000) in paragraph at lines 311--312

 []

[12]
Underfull \hbox (badness 10000) in paragraph at lines 331--332

 []

[13]
Underfull \hbox (badness 10000) in paragraph at lines 416--417

 []


Underfull \hbox (badness 10000) in paragraph at lines 418--419

 []


Underfull \hbox (badness 10000) in paragraph at lines 424--425

 []


Underfull \hbox (badness 10000) in paragraph at lines 443--444

 []


Underfull \hbox (badness 10000) in paragraph at lines 445--446

 []

[14]
Underfull \hbox (badness 10000) in paragraph at lines 457--458

 []


Underfull \hbox (badness 10000) in paragraph at lines 459--460

 []


Underfull \hbox (badness 10000) in paragraph at lines 461--462

 []

(./Figures/splitting.tex)
Underfull \hbox (badness 10000) in paragraph at lines 483--484

 []

(./Figures/transitions.tex
(/usr/local/texlive/2021/texmf-dist/tex/generic/pgf/libraries/pgflibraryarrows.
meta.code.tex
File: pgflibraryarrows.meta.code.tex 2020/12/27 v3.1.8b (3.1.8b)
\pgfarrowinset=\dimen285
\pgfarrowlength=\dimen286
\pgfarrowwidth=\dimen287
\pgfarrowlinewidth=\dimen288
)
(/usr/local/texlive/2021/texmf-dist/tex/generic/pgf/frontendlayer/tikz/librarie
s/tikzlibrarybending.code.tex
File: tikzlibrarybending.code.tex 2020/12/27 v3.1.8b (3.1.8b)

(/usr/local/texlive/2021/texmf-dist/tex/generic/pgf/modules/pgfmodulebending.co
de.tex
File: pgfmodulebending.code.tex 2020/12/27 v3.1.8b (3.1.8b)

(/usr/local/texlive/2021/texmf-dist/tex/generic/pgf/modules/pgfmodulenonlineart
ransformations.code.tex
File: pgfmodulenonlineartransformations.code.tex 2020/12/27 v3.1.8b (3.1.8b)
\pgftransformnonlinearflatness=\dimen289
)
(/usr/local/texlive/2021/texmf-dist/tex/generic/pgf/libraries/pgflibrarycurvili
near.code.tex
File: pgflibrarycurvilinear.code.tex 2020/12/27 v3.1.8b (3.1.8b)
\pgf@curvilinear@time@a=\dimen290
\pgf@curvilinear@length@a=\dimen291
\pgf@curvilinear@length@b=\dimen292
\pgf@curvilinear@length@c=\dimen293
\pgf@curvilinear@length@d=\dimen294
)
\pgf@arrows@the@rigidity=\dimen295
))
(/usr/local/texlive/2021/texmf-dist/tex/generic/pgf/frontendlayer/tikz/librarie
s/tikzlibrarypositioning.code.tex
File: tikzlibrarypositioning.code.tex 2020/12/27 v3.1.8b (3.1.8b)
)) [15]
Underfull \hbox (badness 10000) in paragraph at lines 521--522

 []


Underfull \hbox (badness 10000) in paragraph at lines 531--533

 []

[16]

Package amsmath Warning: Cannot use `split' here;
(amsmath)                trying to recover with `aligned' on input line 541.


Underfull \hbox (badness 10000) in paragraph at lines 552--553

 []


Underfull \hbox (badness 10000) in paragraph at lines 554--555

 []

(./Figures/nuclearLevels.tex
Overfull \hbox (5.11922pt too wide) in paragraph at lines 96--97
 [] 
 []

)
Underfull \vbox (badness 10000) has occurred while \output is active []

 [17]
Overfull \vbox (5.43106pt too high) has occurred while \output is active []


[18]
Underfull \hbox (badness 10000) in paragraph at lines 572--573

 []

(./Figures/reactionSquares.tex)
Underfull \hbox (badness 10000) in paragraph at lines 606--607

 []

[19]
Underfull \hbox (badness 10000) in paragraph at lines 618--619

 []


Underfull \hbox (badness 10000) in paragraph at lines 620--621

 []


Underfull \hbox (badness 10000) in paragraph at lines 640--641

 []


Underfull \hbox (badness 10000) in paragraph at lines 642--643

 []

[20]
Underfull \hbox (badness 10000) in paragraph at lines 682--683

 []


Underfull \hbox (badness 10000) in paragraph at lines 707--708

 []


Underfull \hbox (badness 10000) in paragraph at lines 717--718

 []

[21]
Chapter 2.

Underfull \hbox (badness 10000) in paragraph at lines 729--730

 []

[22

] [23] (./Figures/CNO.tex) [24] (./Figures/Ochannels.tex)
Underfull \vbox (badness 10000) has occurred while \output is active []

 [25]
Underfull \hbox (badness 10000) in paragraph at lines 942--943

 []

[26] [27]
Underfull \hbox (badness 10000) in paragraph at lines 1032--1033

 []


Underfull \hbox (badness 10000) in paragraph at lines 1034--1035

 []


Underfull \hbox (badness 10000) in paragraph at lines 1038--1039

 []


Underfull \hbox (badness 10000) in paragraph at lines 1040--1041

 []


Underfull \hbox (badness 10000) in paragraph at lines 1042--1043

 []


Underfull \hbox (badness 10000) in paragraph at lines 1044--1045

 []

[28]
Underfull \hbox (badness 10000) in paragraph at lines 1070--1071

 []


Underfull \hbox (badness 10000) in paragraph at lines 1091--1092

 []


Underfull \hbox (badness 10000) in paragraph at lines 1093--1094

 []


Underfull \hbox (badness 10000) in paragraph at lines 1095--1096

 []


Underfull \hbox (badness 10000) in paragraph at lines 1097--1098

 []

[29]
Chapter 3.

Underfull \hbox (badness 10000) in paragraph at lines 1111--1112

 []


Underfull \hbox (badness 10000) in paragraph at lines 1121--1123

 []


Underfull \hbox (badness 10000) in paragraph at lines 1130--1131

 []


Underfull \hbox (badness 10000) in paragraph at lines 1135--1136

 []


Underfull \hbox (badness 10000) in paragraph at lines 1138--1139

 []


Underfull \hbox (badness 10000) in paragraph at lines 1140--1141

 []

[30

]
Underfull \hbox (badness 10000) in paragraph at lines 1142--1143

 []


Underfull \hbox (badness 10000) in paragraph at lines 1144--1145

 []


Underfull \hbox (badness 10000) in paragraph at lines 1160--1161

 []


Underfull \hbox (badness 10000) in paragraph at lines 1162--1163

 []

(./Figures/cluster.tex)
Underfull \hbox (badness 10000) in paragraph at lines 1171--1172

 []


Underfull \hbox (badness 10000) in paragraph at lines 1173--1174

 []


Underfull \hbox (badness 10000) in paragraph at lines 1175--1176

 []

[31]
Underfull \hbox (badness 10000) in paragraph at lines 1208--1209

 []


Underfull \hbox (badness 10000) in paragraph at lines 1210--1211

 []


Underfull \hbox (badness 10000) in paragraph at lines 1216--1217

 []

[32]
Underfull \hbox (badness 10000) in paragraph at lines 1274--1275

 []


Underfull \hbox (badness 10000) in paragraph at lines 1276--1277

 []


Underfull \hbox (badness 10000) in paragraph at lines 1280--1281

 []


Underfull \hbox (badness 10000) in paragraph at lines 1284--1285

 []


Underfull \hbox (badness 10000) in paragraph at lines 1290--1291

 []

[33]
Underfull \hbox (badness 10000) in paragraph at lines 1334--1335

 []


Package amsmath Warning: Cannot use `split' here;
(amsmath)                trying to recover with `aligned' on input line 1343.


Underfull \hbox (badness 10000) in paragraph at lines 1349--1350

 []

[34]
Underfull \hbox (badness 10000) in paragraph at lines 1381--1382

 []


Package amsmath Warning: Cannot use `split' here;
(amsmath)                trying to recover with `aligned' on input line 1388.


Underfull \hbox (badness 10000) in paragraph at lines 1413--1414

 []

[35]
Underfull \hbox (badness 10000) in paragraph at lines 1455--1456

 []


Underfull \hbox (badness 10000) in paragraph at lines 1472--1473

 []


Underfull \hbox (badness 10000) in paragraph at lines 1488--1489

 []

[36]
Underfull \hbox (badness 10000) in paragraph at lines 1504--1505

 []


Underfull \hbox (badness 10000) in paragraph at lines 1506--1507

 []


Underfull \hbox (badness 10000) in paragraph at lines 1508--1509

 []


Underfull \hbox (badness 10000) in paragraph at lines 1524--1525

 []


Underfull \hbox (badness 10000) in paragraph at lines 1526--1527

 []


Underfull \hbox (badness 10000) in paragraph at lines 1534--1535

 []


Underfull \hbox (badness 10000) in paragraph at lines 1538--1539

 []


Underfull \hbox (badness 10000) in paragraph at lines 1540--1541

 []

[37]
Underfull \hbox (badness 10000) in paragraph at lines 1551--1552

 []


Underfull \hbox (badness 10000) in paragraph at lines 1553--1554

 []


Package amsmath Warning: Cannot use `split' here;
(amsmath)                trying to recover with `aligned' on input line 1564.


Underfull \hbox (badness 10000) in paragraph at lines 1568--1569

 []


Underfull \hbox (badness 10000) in paragraph at lines 1570--1571

 []


Underfull \hbox (badness 10000) in paragraph at lines 1585--1586

 []

[38]
Underfull \hbox (badness 10000) in paragraph at lines 1597--1598

 []

(./Figures/foldingCoordinates.tex)
Underfull \hbox (badness 10000) in paragraph at lines 1632--1633

 []


Underfull \hbox (badness 10000) in paragraph at lines 1643--1644

 []

[39]
Underfull \hbox (badness 10000) in paragraph at lines 1666--1667

 []


Underfull \hbox (badness 10000) in paragraph at lines 1672--1673

 []

[40]
Underfull \hbox (badness 10000) in paragraph at lines 1743--1744

 []

[41]
Chapter 4.

Underfull \hbox (badness 10000) in paragraph at lines 1748--1749

 []


Underfull \hbox (badness 10000) in paragraph at lines 1750--1751

 []


Underfull \hbox (badness 10000) in paragraph at lines 1752--1753

 []


Underfull \hbox (badness 10000) in paragraph at lines 1754--1755

 []


Underfull \hbox (badness 10000) in paragraph at lines 1756--1757

 []


Underfull \hbox (badness 10000) in paragraph at lines 1762--1763

 []

[42

]
Underfull \hbox (badness 10000) in paragraph at lines 1764--1765

 []


Underfull \hbox (badness 10000) in paragraph at lines 1766--1767

 []


Underfull \hbox (badness 10000) in paragraph at lines 1768--1769

 []


Underfull \hbox (badness 10000) in paragraph at lines 1784--1785

 []


Underfull \hbox (badness 10000) in paragraph at lines 1786--1787

 []


Underfull \hbox (badness 10000) in paragraph at lines 1788--1789

 []


Underfull \hbox (badness 10000) in paragraph at lines 1790--1791

 []


Package amsmath Warning: Cannot use `split' here;
(amsmath)                trying to recover with `aligned' on input line 1811.

[43]

Package amsmath Warning: Cannot use `split' here;
(amsmath)                trying to recover with `aligned' on input line 1822.


Underfull \hbox (badness 10000) in paragraph at lines 1832--1833

 []


Underfull \hbox (badness 10000) in paragraph at lines 1834--1835

 []


Underfull \hbox (badness 10000) in paragraph at lines 1836--1837

 []


Underfull \hbox (badness 10000) in paragraph at lines 1841--1842

 []


Underfull \hbox (badness 10000) in paragraph at lines 1843--1844

 []


Underfull \hbox (badness 10000) in paragraph at lines 1845--1846

 []


Underfull \hbox (badness 10000) in paragraph at lines 1847--1848

 []


Underfull \hbox (badness 10000) in paragraph at lines 1849--1850

 []

Package epstopdf Info: Source file: <Graphs/2H(d,p)3H-poly12345.eps>
(epstopdf)                    date: 2022-09-23 13:15:11
(epstopdf)                    size: 303147 bytes
(epstopdf)             Output file: <Graphs/2H(d,p)3H-poly12345-eps-converted-t
o.pdf>
(epstopdf)                    date: 2022-09-23 19:40:38
(epstopdf)                    size: 35631 bytes
(epstopdf)             Command: <repstopdf --outfile=Graphs/2H(d,p)3H-poly12345
-eps-converted-to.pdf Graphs/2H(d,p)3H-poly12345.eps>
(epstopdf)             \includegraphics on input line 1858.
Package epstopdf Info: Output file is already uptodate.
<Graphs/2H(d,p)3H-poly12345-eps-converted-to.pdf, id=1389, 462.72874pt x 347.29
75pt>
File: Graphs/2H(d,p)3H-poly12345-eps-converted-to.pdf Graphic file (type pdf)
<use Graphs/2H(d,p)3H-poly12345-eps-converted-to.pdf>
Package pdftex.def Info: Graphs/2H(d,p)3H-poly12345-eps-converted-to.pdf  used 
on input line 1858.
(pdftex.def)             Requested size: 225.4804pt x 169.23398pt.
Package epstopdf Info: Source file: <Graphs/2H(d,p)3H-exp12345.eps>
(epstopdf)                    date: 2022-09-23 12:59:49
(epstopdf)                    size: 303458 bytes
(epstopdf)             Output file: <Graphs/2H(d,p)3H-exp12345-eps-converted-to
.pdf>
(epstopdf)                    date: 2022-09-23 19:40:38
(epstopdf)                    size: 35714 bytes
(epstopdf)             Command: <repstopdf --outfile=Graphs/2H(d,p)3H-exp12345-
eps-converted-to.pdf Graphs/2H(d,p)3H-exp12345.eps>
(epstopdf)             \includegraphics on input line 1858.
Package epstopdf Info: Output file is already uptodate.
<Graphs/2H(d,p)3H-exp12345-eps-converted-to.pdf, id=1390, 462.72874pt x 347.297
5pt>
File: Graphs/2H(d,p)3H-exp12345-eps-converted-to.pdf Graphic file (type pdf)
<use Graphs/2H(d,p)3H-exp12345-eps-converted-to.pdf>
Package pdftex.def Info: Graphs/2H(d,p)3H-exp12345-eps-converted-to.pdf  used o
n input line 1858.
(pdftex.def)             Requested size: 225.4804pt x 169.23398pt.
Package epstopdf Info: Source file: <Graphs/2H(d,p)3H-exp5-poly5-best.eps>
(epstopdf)                    date: 2022-09-23 13:15:14
(epstopdf)                    size: 301864 bytes
(epstopdf)             Output file: <Graphs/2H(d,p)3H-exp5-poly5-best-eps-conve
rted-to.pdf>
(epstopdf)                    date: 2022-09-23 19:40:38
(epstopdf)                    size: 35096 bytes
(epstopdf)             Command: <repstopdf --outfile=Graphs/2H(d,p)3H-exp5-poly
5-best-eps-converted-to.pdf Graphs/2H(d,p)3H-exp5-poly5-best.eps>
(epstopdf)             \includegraphics on input line 1858.
Package epstopdf Info: Output file is already uptodate.
<Graphs/2H(d,p)3H-exp5-poly5-best-eps-converted-to.pdf, id=1391, 462.72874pt x 
347.2975pt>
File: Graphs/2H(d,p)3H-exp5-poly5-best-eps-converted-to.pdf Graphic file (type 
pdf)
<use Graphs/2H(d,p)3H-exp5-poly5-best-eps-converted-to.pdf>
Package pdftex.def Info: Graphs/2H(d,p)3H-exp5-poly5-best-eps-converted-to.pdf 
 used on input line 1858.
(pdftex.def)             Requested size: 422.77664pt x 317.31305pt.
[44]
Underfull \vbox (badness 3260) has occurred while \output is active []

 [45 <./Graphs/2H(d,p)3H-poly12345-eps-converted-to.pdf> <./Graphs/2H(d,p)3H-ex
p12345-eps-converted-to.pdf> <./Graphs/2H(d,p)3H-exp5-poly5-best-eps-converted-
to.pdf>]
Underfull \hbox (badness 10000) in paragraph at lines 1869--1870

 []

Package epstopdf Info: Source file: <Graphs/2H(d,p)3H-screening-exp5-poly5-excl
ude.eps>
(epstopdf)                    date: 2022-09-23 13:15:24
(epstopdf)                    size: 305406 bytes
(epstopdf)             Output file: <Graphs/2H(d,p)3H-screening-exp5-poly5-excl
ude-eps-converted-to.pdf>
(epstopdf)                    date: 2022-09-23 19:40:39
(epstopdf)                    size: 36259 bytes
(epstopdf)             Command: <repstopdf --outfile=Graphs/2H(d,p)3H-screening
-exp5-poly5-exclude-eps-converted-to.pdf Graphs/2H(d,p)3H-screening-exp5-poly5-
exclude.eps>
(epstopdf)             \includegraphics on input line 1873.
Package epstopdf Info: Output file is already uptodate.
<Graphs/2H(d,p)3H-screening-exp5-poly5-exclude-eps-converted-to.pdf, id=1474, 4
62.72874pt x 347.2975pt>
File: Graphs/2H(d,p)3H-screening-exp5-poly5-exclude-eps-converted-to.pdf Graphi
c file (type pdf)
<use Graphs/2H(d,p)3H-screening-exp5-poly5-exclude-eps-converted-to.pdf>
Package pdftex.def Info: Graphs/2H(d,p)3H-screening-exp5-poly5-exclude-eps-conv
erted-to.pdf  used on input line 1873.
(pdftex.def)             Requested size: 462.72762pt x 347.29665pt.
[46 <./Graphs/2H(d,p)3H-screening-exp5-poly5-exclude-eps-converted-to.pdf>]
Underfull \hbox (badness 10000) in paragraph at lines 1877--1878

 []


Underfull \hbox (badness 10000) in paragraph at lines 1879--1880

 []


Underfull \hbox (badness 10000) in paragraph at lines 1881--1882

 []


Underfull \hbox (badness 10000) in paragraph at lines 1883--1884

 []


Underfull \hbox (badness 10000) in paragraph at lines 1885--1886

 []


Underfull \hbox (badness 10000) in paragraph at lines 1887--1888

 []

Package epstopdf Info: Source file: <Graphs/2H(p,gamma)3He-poly12345-bounds.eps
>
(epstopdf)                    date: 2022-09-03 13:23:17
(epstopdf)                    size: 262758 bytes
(epstopdf)             Output file: <Graphs/2H(p,gamma)3He-poly12345-bounds-eps
-converted-to.pdf>
(epstopdf)                    date: 2022-09-05 15:09:46
(epstopdf)                    size: 24964 bytes
(epstopdf)             Command: <repstopdf --outfile=Graphs/2H(p,gamma)3He-poly
12345-bounds-eps-converted-to.pdf Graphs/2H(p,gamma)3He-poly12345-bounds.eps>
(epstopdf)             \includegraphics on input line 1897.
Package epstopdf Info: Output file is already uptodate.
<Graphs/2H(p,gamma)3He-poly12345-bounds-eps-converted-to.pdf, id=1510, 462.7287
4pt x 347.2975pt>
File: Graphs/2H(p,gamma)3He-poly12345-bounds-eps-converted-to.pdf Graphic file 
(type pdf)
<use Graphs/2H(p,gamma)3He-poly12345-bounds-eps-converted-to.pdf>
Package pdftex.def Info: Graphs/2H(p,gamma)3He-poly12345-bounds-eps-converted-t
o.pdf  used on input line 1897.
(pdftex.def)             Requested size: 225.4804pt x 169.23398pt.
Package epstopdf Info: Source file: <Graphs/2H(p,gamma)3He-exp12345.eps>
(epstopdf)                    date: 2022-09-03 13:23:32
(epstopdf)                    size: 262186 bytes
(epstopdf)             Output file: <Graphs/2H(p,gamma)3He-exp12345-eps-convert
ed-to.pdf>
(epstopdf)                    date: 2022-09-03 13:24:30
(epstopdf)                    size: 25089 bytes
(epstopdf)             Command: <repstopdf --outfile=Graphs/2H(p,gamma)3He-exp1
2345-eps-converted-to.pdf Graphs/2H(p,gamma)3He-exp12345.eps>
(epstopdf)             \includegraphics on input line 1897.
Package epstopdf Info: Output file is already uptodate.
<Graphs/2H(p,gamma)3He-exp12345-eps-converted-to.pdf, id=1511, 462.72874pt x 34
7.2975pt>
File: Graphs/2H(p,gamma)3He-exp12345-eps-converted-to.pdf Graphic file (type pd
f)
<use Graphs/2H(p,gamma)3He-exp12345-eps-converted-to.pdf>
Package pdftex.def Info: Graphs/2H(p,gamma)3He-exp12345-eps-converted-to.pdf  u
sed on input line 1897.
(pdftex.def)             Requested size: 225.4804pt x 169.23398pt.
Package epstopdf Info: Source file: <Graphs/2H(p,gamma)3He-selected-exp5-poly45
.eps>
(epstopdf)                    date: 2022-09-03 13:23:34
(epstopdf)                    size: 260613 bytes
(epstopdf)             Output file: <Graphs/2H(p,gamma)3He-selected-exp5-poly45
-eps-converted-to.pdf>
(epstopdf)                    date: 2022-09-05 15:09:46
(epstopdf)                    size: 24539 bytes
(epstopdf)             Command: <repstopdf --outfile=Graphs/2H(p,gamma)3He-sele
cted-exp5-poly45-eps-converted-to.pdf Graphs/2H(p,gamma)3He-selected-exp5-poly4
5.eps>
(epstopdf)             \includegraphics on input line 1897.
Package epstopdf Info: Output file is already uptodate.
<Graphs/2H(p,gamma)3He-selected-exp5-poly45-eps-converted-to.pdf, id=1512, 462.
72874pt x 347.2975pt>
File: Graphs/2H(p,gamma)3He-selected-exp5-poly45-eps-converted-to.pdf Graphic f
ile (type pdf)
<use Graphs/2H(p,gamma)3He-selected-exp5-poly45-eps-converted-to.pdf>
Package pdftex.def Info: Graphs/2H(p,gamma)3He-selected-exp5-poly45-eps-convert
ed-to.pdf  used on input line 1897.
(pdftex.def)             Requested size: 422.77664pt x 317.31305pt.

Underfull \vbox (badness 10000) has occurred while \output is active []

 [47]
Underfull \hbox (badness 10000) in paragraph at lines 1900--1901

 []


Underfull \vbox (badness 3260) has occurred while \output is active []

 [48 <./Graphs/2H(p,gamma)3He-poly12345-bounds-eps-converted-to.pdf> <./Graphs/
2H(p,gamma)3He-exp12345-eps-converted-to.pdf> <./Graphs/2H(p,gamma)3He-selected
-exp5-poly45-eps-converted-to.pdf>]
Underfull \hbox (badness 10000) in paragraph at lines 1902--1903

 []

Package epstopdf Info: Source file: <Graphs/12C12C.eps>
(epstopdf)                    date: 2022-09-22 12:53:45
(epstopdf)                    size: 253033 bytes
(epstopdf)             Output file: <Graphs/12C12C-eps-converted-to.pdf>
(epstopdf)                    date: 2022-09-22 13:03:39
(epstopdf)                    size: 22160 bytes
(epstopdf)             Command: <repstopdf --outfile=Graphs/12C12C-eps-converte
d-to.pdf Graphs/12C12C.eps>
(epstopdf)             \includegraphics on input line 1906.
Package epstopdf Info: Output file is already uptodate.
<Graphs/12C12C-eps-converted-to.pdf, id=1582, 462.72874pt x 347.2975pt>
File: Graphs/12C12C-eps-converted-to.pdf Graphic file (type pdf)
<use Graphs/12C12C-eps-converted-to.pdf>
Package pdftex.def Info: Graphs/12C12C-eps-converted-to.pdf  used on input line
 1906.
(pdftex.def)             Requested size: 462.72762pt x 347.29665pt.

Underfull \hbox (badness 10000) in paragraph at lines 1908--1909

 []


Underfull \hbox (badness 10000) in paragraph at lines 1910--1911

 []

[49 <./Graphs/12C12C-eps-converted-to.pdf>]
Underfull \hbox (badness 10000) in paragraph at lines 1912--1913

 []


Underfull \hbox (badness 10000) in paragraph at lines 1914--1915

 []

Package epstopdf Info: Source file: <Graphs/12C16O.eps>
(epstopdf)                    date: 2022-09-22 12:53:42
(epstopdf)                    size: 330436 bytes
(epstopdf)             Output file: <Graphs/12C16O-eps-converted-to.pdf>
(epstopdf)                    date: 2022-09-22 13:03:39
(epstopdf)                    size: 34719 bytes
(epstopdf)             Command: <repstopdf --outfile=Graphs/12C16O-eps-converte
d-to.pdf Graphs/12C16O.eps>
(epstopdf)             \includegraphics on input line 1916.
Package epstopdf Info: Output file is already uptodate.
<Graphs/12C16O-eps-converted-to.pdf, id=1613, 462.72874pt x 347.2975pt>
File: Graphs/12C16O-eps-converted-to.pdf Graphic file (type pdf)
<use Graphs/12C16O-eps-converted-to.pdf>
Package pdftex.def Info: Graphs/12C16O-eps-converted-to.pdf  used on input line
 1916.
(pdftex.def)             Requested size: 462.72762pt x 347.29665pt.

Underfull \hbox (badness 10000) in paragraph at lines 1918--1919

 []

[50 <./Graphs/12C16O-eps-converted-to.pdf>]
Underfull \hbox (badness 10000) in paragraph at lines 1922--1923

 []


Underfull \hbox (badness 10000) in paragraph at lines 1924--1925

 []


Underfull \hbox (badness 10000) in paragraph at lines 1926--1927

 []


Underfull \hbox (badness 10000) in paragraph at lines 1928--1929

 []

Package epstopdf Info: Source file: <Graphs/16O18O.eps>
(epstopdf)                    date: 2022-09-22 12:53:30
(epstopdf)                    size: 220407 bytes
(epstopdf)             Output file: <Graphs/16O18O-eps-converted-to.pdf>
(epstopdf)                    date: 2022-09-22 13:03:39
(epstopdf)                    size: 16548 bytes
(epstopdf)             Command: <repstopdf --outfile=Graphs/16O18O-eps-converte
d-to.pdf Graphs/16O18O.eps>
(epstopdf)             \includegraphics on input line 1938.
Package epstopdf Info: Output file is already uptodate.
<Graphs/16O18O-eps-converted-to.pdf, id=1645, 462.72874pt x 347.2975pt>
File: Graphs/16O18O-eps-converted-to.pdf Graphic file (type pdf)
<use Graphs/16O18O-eps-converted-to.pdf>
Package pdftex.def Info: Graphs/16O18O-eps-converted-to.pdf  used on input line
 1938.
(pdftex.def)             Requested size: 225.4804pt x 169.23398pt.
Package epstopdf Info: Source file: <Graphs/16O17O.eps>
(epstopdf)                    date: 2022-09-22 14:40:43
(epstopdf)                    size: 221791 bytes
(epstopdf)             Output file: <Graphs/16O17O-eps-converted-to.pdf>
(epstopdf)                    date: 2022-09-22 15:55:21
(epstopdf)                    size: 16596 bytes
(epstopdf)             Command: <repstopdf --outfile=Graphs/16O17O-eps-converte
d-to.pdf Graphs/16O17O.eps>
(epstopdf)             \includegraphics on input line 1938.
Package epstopdf Info: Output file is already uptodate.
<Graphs/16O17O-eps-converted-to.pdf, id=1646, 462.72874pt x 347.2975pt>
File: Graphs/16O17O-eps-converted-to.pdf Graphic file (type pdf)
<use Graphs/16O17O-eps-converted-to.pdf>
Package pdftex.def Info: Graphs/16O17O-eps-converted-to.pdf  used on input line
 1938.
(pdftex.def)             Requested size: 225.4804pt x 169.23398pt.
Package epstopdf Info: Source file: <Graphs/16O16O.eps>
(epstopdf)                    date: 2022-09-22 12:53:39
(epstopdf)                    size: 233109 bytes
(epstopdf)             Output file: <Graphs/16O16O-eps-converted-to.pdf>
(epstopdf)                    date: 2022-09-22 13:03:40
(epstopdf)                    size: 18999 bytes
(epstopdf)             Command: <repstopdf --outfile=Graphs/16O16O-eps-converte
d-to.pdf Graphs/16O16O.eps>
(epstopdf)             \includegraphics on input line 1938.
Package epstopdf Info: Output file is already uptodate.
<Graphs/16O16O-eps-converted-to.pdf, id=1647, 462.72874pt x 347.2975pt>
File: Graphs/16O16O-eps-converted-to.pdf Graphic file (type pdf)
<use Graphs/16O16O-eps-converted-to.pdf>
Package pdftex.def Info: Graphs/16O16O-eps-converted-to.pdf  used on input line
 1938.
(pdftex.def)             Requested size: 422.77664pt x 317.31305pt.

Underfull \vbox (badness 10000) has occurred while \output is active []

 [51]
Underfull \hbox (badness 10000) in paragraph at lines 1943--1944

 []


Underfull \vbox (badness 10000) has occurred while \output is active []

 [52 <./Graphs/16O18O-eps-converted-to.pdf> <./Graphs/16O17O-eps-converted-to.p
df> <./Graphs/16O16O-eps-converted-to.pdf>]
Underfull \hbox (badness 10000) in paragraph at lines 1945--1946

 []


Underfull \hbox (badness 10000) in paragraph at lines 1947--1948

 []


Underfull \hbox (badness 10000) in paragraph at lines 1949--1950

 []


Underfull \hbox (badness 10000) in paragraph at lines 1955--1956

 []


Underfull \hbox (badness 10000) in paragraph at lines 1957--1958

 []


Underfull \hbox (badness 10000) in paragraph at lines 1959--1960

 []


Underfull \hbox (badness 10000) in paragraph at lines 1961--1962

 []


Underfull \hbox (badness 10000) in paragraph at lines 1971--1972

 []

[53]
Underfull \hbox (badness 10000) in paragraph at lines 1973--1974

 []


Underfull \hbox (badness 10000) in paragraph at lines 1975--1976

 []


Underfull \hbox (badness 10000) in paragraph at lines 1977--1978

 []


Underfull \hbox (badness 10000) in paragraph at lines 1979--1980

 []


Underfull \hbox (badness 10000) in paragraph at lines 1981--1982

 []

Package epstopdf Info: Source file: <Graphs/7Be(p,gamma)8B-poly.eps>
(epstopdf)                    date: 2022-09-03 14:41:51
(epstopdf)                    size: 265427 bytes
(epstopdf)             Output file: <Graphs/7Be(p,gamma)8B-poly-eps-converted-t
o.pdf>
(epstopdf)                    date: 2022-09-03 14:58:10
(epstopdf)                    size: 27392 bytes
(epstopdf)             Command: <repstopdf --outfile=Graphs/7Be(p,gamma)8B-poly
-eps-converted-to.pdf Graphs/7Be(p,gamma)8B-poly.eps>
(epstopdf)             \includegraphics on input line 1988.
Package epstopdf Info: Output file is already uptodate.
<Graphs/7Be(p,gamma)8B-poly-eps-converted-to.pdf, id=1728, 462.72874pt x 347.29
75pt>
File: Graphs/7Be(p,gamma)8B-poly-eps-converted-to.pdf Graphic file (type pdf)
<use Graphs/7Be(p,gamma)8B-poly-eps-converted-to.pdf>
Package pdftex.def Info: Graphs/7Be(p,gamma)8B-poly-eps-converted-to.pdf  used 
on input line 1988.
(pdftex.def)             Requested size: 225.4804pt x 169.23398pt.
Package epstopdf Info: Source file: <Graphs/7Be(p,gamma)8B-exp.eps>
(epstopdf)                    date: 2022-09-03 14:42:03
(epstopdf)                    size: 265217 bytes
(epstopdf)             Output file: <Graphs/7Be(p,gamma)8B-exp-eps-converted-to
.pdf>
(epstopdf)                    date: 2022-09-03 14:58:22
(epstopdf)                    size: 27226 bytes
(epstopdf)             Command: <repstopdf --outfile=Graphs/7Be(p,gamma)8B-exp-
eps-converted-to.pdf Graphs/7Be(p,gamma)8B-exp.eps>
(epstopdf)             \includegraphics on input line 1988.
Package epstopdf Info: Output file is already uptodate.
<Graphs/7Be(p,gamma)8B-exp-eps-converted-to.pdf, id=1729, 462.72874pt x 347.297
5pt>
File: Graphs/7Be(p,gamma)8B-exp-eps-converted-to.pdf Graphic file (type pdf)
<use Graphs/7Be(p,gamma)8B-exp-eps-converted-to.pdf>
Package pdftex.def Info: Graphs/7Be(p,gamma)8B-exp-eps-converted-to.pdf  used o
n input line 1988.
(pdftex.def)             Requested size: 225.4804pt x 169.23398pt.
Package epstopdf Info: Source file: <Graphs/7Be(p,gamma)8B-BW-exp1-poly1.eps>
(epstopdf)                    date: 2022-09-03 14:42:04
(epstopdf)                    size: 260675 bytes
(epstopdf)             Output file: <Graphs/7Be(p,gamma)8B-BW-exp1-poly1-eps-co
nverted-to.pdf>
(epstopdf)                    date: 2022-09-03 15:02:29
(epstopdf)                    size: 25440 bytes
(epstopdf)             Command: <repstopdf --outfile=Graphs/7Be(p,gamma)8B-BW-e
xp1-poly1-eps-converted-to.pdf Graphs/7Be(p,gamma)8B-BW-exp1-poly1.eps>
(epstopdf)             \includegraphics on input line 1988.
Package epstopdf Info: Output file is already uptodate.
<Graphs/7Be(p,gamma)8B-BW-exp1-poly1-eps-converted-to.pdf, id=1730, 462.72874pt
 x 347.2975pt>
File: Graphs/7Be(p,gamma)8B-BW-exp1-poly1-eps-converted-to.pdf Graphic file (ty
pe pdf)
<use Graphs/7Be(p,gamma)8B-BW-exp1-poly1-eps-converted-to.pdf>
Package pdftex.def Info: Graphs/7Be(p,gamma)8B-BW-exp1-poly1-eps-converted-to.p
df  used on input line 1988.
(pdftex.def)             Requested size: 422.77664pt x 317.31305pt.

Underfull \vbox (badness 10000) has occurred while \output is active []

 [54]
Package epstopdf Info: Source file: <Graphs/7Be(p,gamma)8B-background-exp1-poly
1.eps>
(epstopdf)                    date: 2022-09-03 14:42:06
(epstopdf)                    size: 261880 bytes
(epstopdf)             Output file: <Graphs/7Be(p,gamma)8B-background-exp1-poly
1-eps-converted-to.pdf>
(epstopdf)                    date: 2022-09-03 14:58:11
(epstopdf)                    size: 25937 bytes
(epstopdf)             Command: <repstopdf --outfile=Graphs/7Be(p,gamma)8B-back
ground-exp1-poly1-eps-converted-to.pdf Graphs/7Be(p,gamma)8B-background-exp1-po
ly1.eps>
(epstopdf)             \includegraphics on input line 1992.
Package epstopdf Info: Output file is already uptodate.
<Graphs/7Be(p,gamma)8B-background-exp1-poly1-eps-converted-to.pdf, id=1743, 462
.72874pt x 347.2975pt>
File: Graphs/7Be(p,gamma)8B-background-exp1-poly1-eps-converted-to.pdf Graphic 
file (type pdf)
<use Graphs/7Be(p,gamma)8B-background-exp1-poly1-eps-converted-to.pdf>
Package pdftex.def Info: Graphs/7Be(p,gamma)8B-background-exp1-poly1-eps-conver
ted-to.pdf  used on input line 1992.
(pdftex.def)             Requested size: 462.72762pt x 347.29665pt.

Underfull \vbox (badness 10000) has occurred while \output is active []

 [55 <./Graphs/7Be(p,gamma)8B-poly-eps-converted-to.pdf> <./Graphs/7Be(p,gamma)
8B-exp-eps-converted-to.pdf> <./Graphs/7Be(p,gamma)8B-BW-exp1-poly1-eps-convert
ed-to.pdf>]
Underfull \hbox (badness 10000) in paragraph at lines 1997--1998

 []


Underfull \hbox (badness 10000) in paragraph at lines 1999--2000

 []

Package epstopdf Info: Source file: <Graphs/13C(p,gamma)14N-BW.eps>
(epstopdf)                    date: 2022-09-03 14:42:08
(epstopdf)                    size: 249647 bytes
(epstopdf)             Output file: <Graphs/13C(p,gamma)14N-BW-eps-converted-to
.pdf>
(epstopdf)                    date: 2022-09-03 15:16:22
(epstopdf)                    size: 22933 bytes
(epstopdf)             Command: <repstopdf --outfile=Graphs/13C(p,gamma)14N-BW-
eps-converted-to.pdf Graphs/13C(p,gamma)14N-BW.eps>
(epstopdf)             \includegraphics on input line 2003.
Package epstopdf Info: Output file is already uptodate.
<Graphs/13C(p,gamma)14N-BW-eps-converted-to.pdf, id=1800, 462.72874pt x 347.297
5pt>
File: Graphs/13C(p,gamma)14N-BW-eps-converted-to.pdf Graphic file (type pdf)
<use Graphs/13C(p,gamma)14N-BW-eps-converted-to.pdf>
Package pdftex.def Info: Graphs/13C(p,gamma)14N-BW-eps-converted-to.pdf  used o
n input line 2003.
(pdftex.def)             Requested size: 462.72762pt x 347.29665pt.

Underfull \vbox (badness 10000) has occurred while \output is active []

 [56 <./Graphs/7Be(p,gamma)8B-background-exp1-poly1-eps-converted-to.pdf>]
Underfull \hbox (badness 10000) in paragraph at lines 2006--2007

 []


Underfull \hbox (badness 10000) in paragraph at lines 2009--2010

 []

Package epstopdf Info: Source file: <Graphs/13C(p,gamma)14N-BW-residuals-poly12
34.eps>
(epstopdf)                    date: 2022-09-03 14:42:09
(epstopdf)                    size: 231694 bytes
(epstopdf)             Output file: <Graphs/13C(p,gamma)14N-BW-residuals-poly12
34-eps-converted-to.pdf>
(epstopdf)                    date: 2022-09-03 15:28:56
(epstopdf)                    size: 18226 bytes
(epstopdf)             Command: <repstopdf --outfile=Graphs/13C(p,gamma)14N-BW-
residuals-poly1234-eps-converted-to.pdf Graphs/13C(p,gamma)14N-BW-residuals-pol
y1234.eps>
(epstopdf)             \includegraphics on input line 2018.
Package epstopdf Info: Output file is already uptodate.
<Graphs/13C(p,gamma)14N-BW-residuals-poly1234-eps-converted-to.pdf, id=1828, 46
2.72874pt x 347.2975pt>
File: Graphs/13C(p,gamma)14N-BW-residuals-poly1234-eps-converted-to.pdf Graphic
 file (type pdf)
<use Graphs/13C(p,gamma)14N-BW-residuals-poly1234-eps-converted-to.pdf>
Package pdftex.def Info: Graphs/13C(p,gamma)14N-BW-residuals-poly1234-eps-conve
rted-to.pdf  used on input line 2018.
(pdftex.def)             Requested size: 225.4804pt x 169.23398pt.
Package epstopdf Info: Source file: <Graphs/13C(p,gamma)14N-BW-residuals-exp123
4.eps>
(epstopdf)                    date: 2022-09-03 14:42:11
(epstopdf)                    size: 231503 bytes
(epstopdf)             Output file: <Graphs/13C(p,gamma)14N-BW-residuals-exp123
4-eps-converted-to.pdf>
(epstopdf)                    date: 2022-09-03 15:28:57
(epstopdf)                    size: 18163 bytes
(epstopdf)             Command: <repstopdf --outfile=Graphs/13C(p,gamma)14N-BW-
residuals-exp1234-eps-converted-to.pdf Graphs/13C(p,gamma)14N-BW-residuals-exp1
234.eps>
(epstopdf)             \includegraphics on input line 2018.
Package epstopdf Info: Output file is already uptodate.
<Graphs/13C(p,gamma)14N-BW-residuals-exp1234-eps-converted-to.pdf, id=1829, 462
.72874pt x 347.2975pt>
File: Graphs/13C(p,gamma)14N-BW-residuals-exp1234-eps-converted-to.pdf Graphic 
file (type pdf)
<use Graphs/13C(p,gamma)14N-BW-residuals-exp1234-eps-converted-to.pdf>
Package pdftex.def Info: Graphs/13C(p,gamma)14N-BW-residuals-exp1234-eps-conver
ted-to.pdf  used on input line 2018.
(pdftex.def)             Requested size: 225.4804pt x 169.23398pt.
Package epstopdf Info: Source file: <Graphs/13C(p,gamma)14N-BW-residuals-exp1-p
oly1.eps>
(epstopdf)                    date: 2022-09-03 14:42:15
(epstopdf)                    size: 230195 bytes
(epstopdf)             Output file: <Graphs/13C(p,gamma)14N-BW-residuals-exp1-p
oly1-eps-converted-to.pdf>
(epstopdf)                    date: 2022-09-03 15:28:57
(epstopdf)                    size: 17621 bytes
(epstopdf)             Command: <repstopdf --outfile=Graphs/13C(p,gamma)14N-BW-
residuals-exp1-poly1-eps-converted-to.pdf Graphs/13C(p,gamma)14N-BW-residuals-e
xp1-poly1.eps>
(epstopdf)             \includegraphics on input line 2018.
Package epstopdf Info: Output file is already uptodate.
<Graphs/13C(p,gamma)14N-BW-residuals-exp1-poly1-eps-converted-to.pdf, id=1830, 
462.72874pt x 347.2975pt>
File: Graphs/13C(p,gamma)14N-BW-residuals-exp1-poly1-eps-converted-to.pdf Graph
ic file (type pdf)
<use Graphs/13C(p,gamma)14N-BW-residuals-exp1-poly1-eps-converted-to.pdf>
Package pdftex.def Info: Graphs/13C(p,gamma)14N-BW-residuals-exp1-poly1-eps-con
verted-to.pdf  used on input line 2018.
(pdftex.def)             Requested size: 422.77664pt x 317.31305pt.

Underfull \vbox (badness 10000) has occurred while \output is active []

 [57 <./Graphs/13C(p,gamma)14N-BW-eps-converted-to.pdf>]
Underfull \hbox (badness 10000) in paragraph at lines 2020--2021

 []


Underfull \vbox (badness 3260) has occurred while \output is active []

 [58 <./Graphs/13C(p,gamma)14N-BW-residuals-poly1234-eps-converted-to.pdf> <./G
raphs/13C(p,gamma)14N-BW-residuals-exp1234-eps-converted-to.pdf> <./Graphs/13C(
p,gamma)14N-BW-residuals-exp1-poly1-eps-converted-to.pdf>]
Package epstopdf Info: Source file: <Graphs/13C(p,gamma)14N-background-exp12-po
ly12.eps>
(epstopdf)                    date: 2022-09-03 14:42:25
(epstopdf)                    size: 258685 bytes
(epstopdf)             Output file: <Graphs/13C(p,gamma)14N-background-exp12-po
ly12-eps-converted-to.pdf>
(epstopdf)                    date: 2022-09-03 15:38:01
(epstopdf)                    size: 26445 bytes
(epstopdf)             Command: <repstopdf --outfile=Graphs/13C(p,gamma)14N-bac
kground-exp12-poly12-eps-converted-to.pdf Graphs/13C(p,gamma)14N-background-exp
12-poly12.eps>
(epstopdf)             \includegraphics on input line 2024.
Package epstopdf Info: Output file is already uptodate.
<Graphs/13C(p,gamma)14N-background-exp12-poly12-eps-converted-to.pdf, id=1905, 
462.72874pt x 347.2975pt>
File: Graphs/13C(p,gamma)14N-background-exp12-poly12-eps-converted-to.pdf Graph
ic file (type pdf)
<use Graphs/13C(p,gamma)14N-background-exp12-poly12-eps-converted-to.pdf>
Package pdftex.def Info: Graphs/13C(p,gamma)14N-background-exp12-poly12-eps-con
verted-to.pdf  used on input line 2024.
(pdftex.def)             Requested size: 462.72762pt x 347.29665pt.
 [59 <./Graphs/13C(p,gamma)14N-background-exp12-poly12-eps-converted-to.pdf>]
Chapter 5.

Underfull \hbox (badness 10000) in paragraph at lines 2032--2033

 []

[60

]
Appendix A.

Underfull \hbox (badness 10000) in paragraph at lines 2055--2056

 []


Underfull \hbox (badness 10000) in paragraph at lines 2057--2058

 []


Underfull \hbox (badness 10000) in paragraph at lines 2059--2060

 []

[61

]
Underfull \hbox (badness 10000) in paragraph at lines 2087--2088

 []


Underfull \hbox (badness 10000) in paragraph at lines 2089--2090

 []

[62] [63]
Appendix B.

Underfull \hbox (badness 10000) in paragraph at lines 2199--2200

 []


Underfull \hbox (badness 10000) in paragraph at lines 2207--2208

 []


Underfull \hbox (badness 10000) in paragraph at lines 2231--2232

 []

[64

]
Underfull \hbox (badness 10000) in paragraph at lines 2247--2248

 []


Underfull \hbox (badness 10000) in paragraph at lines 2249--2250

 []


Underfull \hbox (badness 10000) in paragraph at lines 2253--2254

 []


Underfull \hbox (badness 10000) in paragraph at lines 2289--2290

 []

[65]
Underfull \hbox (badness 10000) in paragraph at lines 2311--2312

 []

[66]
Appendix C.

Underfull \hbox (badness 10000) in paragraph at lines 2327--2328

 []


Underfull \hbox (badness 10000) in paragraph at lines 2341--2342

 []

[67

]
Overfull \vbox (12.0pt too high) detected at line 2400
 []

[68]
Underfull \vbox (badness 2884) has occurred while \output is active []

 [69]
Overfull \hbox (16.56404pt too wide) in paragraph at lines 2499--2505
 [][] 
 []


Overfull \hbox (15.45128pt too wide) in paragraph at lines 2514--2520
 [][] 
 []


Overfull \hbox (12.11874pt too wide) in paragraph at lines 2541--2548
 [][] 
 []

[70] [71]
Underfull \hbox (badness 10000) in paragraph at lines 2649--2650

 []

[72] [73]
Appendix D.
[74

]
Appendix E.
LaTeX Font Info:    Trying to load font information for T1+cmtt on input line 2
716.
(/usr/local/texlive/2021/texmf-dist/tex/latex/base/t1cmtt.fd
File: t1cmtt.fd 2019/12/16 v2.5j Standard LaTeX font definitions
)
Underfull \hbox (badness 10000) in paragraph at lines 2716--2717

 []

(./Figures/programTree.tex
(/usr/local/texlive/2021/texmf-dist/tex/generic/pgf/frontendlayer/tikz/librarie
s/tikzlibrarytrees.code.tex
File: tikzlibrarytrees.code.tex 2020/12/27 v3.1.8b (3.1.8b)
)
Overfull \hbox (27.6434pt too wide) in paragraph at lines 16--17
 [] 
 []

)
Underfull \hbox (badness 10000) in paragraph at lines 2736--2737

 []


Underfull \hbox (badness 10000) in paragraph at lines 2738--2739

 []


Underfull \hbox (badness 10000) in paragraph at lines 2740--2741

 []

[75

]
Underfull \hbox (badness 10000) in paragraph at lines 2771--2772

 []

[76] [77] (./monograph.bbl [78

] [79] [80] [81] [82] [83] [84] [85] [86]
[87] [88]) [89] (./monograph.aux)
Package rerunfilecheck Info: File `monograph.out' has not changed.
(rerunfilecheck)             Checksum: E0F34A2DD4D05D414C9EF831CA4D99FF;18208.
 ) 
Here is how much of TeX's memory you used:
 35345 strings out of 478994
 823129 string characters out of 5858185
 1225914 words of memory out of 5000000
 51573 multiletter control sequences out of 15000+600000
 420540 words of font info for 64 fonts, out of 8000000 for 9000
 1141 hyphenation exceptions out of 8191
 87i,17n,89p,879b,1375s stack positions out of 5000i,500n,10000p,200000b,80000s
{/usr/local/texlive/2021/texmf-dist/fonts/enc/dvips/cm-super/cm-super-t1.enc}
</usr/local/texlive/2021/texmf-dist/fonts/type1/public/amsfonts/cm/cmex10.pfb><
/usr/local/texlive/2021/texmf-dist/fonts/type1/public/amsfonts/cm/cmmi10.pfb></
usr/local/texlive/2021/texmf-dist/fonts/type1/public/amsfonts/cm/cmmi12.pfb></u
sr/local/texlive/2021/texmf-dist/fonts/type1/public/amsfonts/cm/cmmi5.pfb></usr
/local/texlive/2021/texmf-dist/fonts/type1/public/amsfonts/cm/cmmi7.pfb></usr/l
ocal/texlive/2021/texmf-dist/fonts/type1/public/amsfonts/cm/cmr10.pfb></usr/loc
al/texlive/2021/texmf-dist/fonts/type1/public/amsfonts/cm/cmr12.pfb></usr/local
/texlive/2021/texmf-dist/fonts/type1/public/amsfonts/cm/cmr5.pfb></usr/local/te
xlive/2021/texmf-dist/fonts/type1/public/amsfonts/cm/cmr6.pfb></usr/local/texli
ve/2021/texmf-dist/fonts/type1/public/amsfonts/cm/cmr7.pfb></usr/local/texlive/
2021/texmf-dist/fonts/type1/public/amsfonts/cm/cmr8.pfb></usr/local/texlive/202
1/texmf-dist/fonts/type1/public/amsfonts/cm/cmr9.pfb></usr/local/texlive/2021/t
exmf-dist/fonts/type1/public/amsfonts/cm/cmss10.pfb></usr/local/texlive/2021/te
xmf-dist/fonts/type1/public/amsfonts/cm/cmss12.pfb></usr/local/texlive/2021/tex
mf-dist/fonts/type1/public/amsfonts/cm/cmsy10.pfb></usr/local/texlive/2021/texm
f-dist/fonts/type1/public/amsfonts/cm/cmsy5.pfb></usr/local/texlive/2021/texmf-
dist/fonts/type1/public/amsfonts/cm/cmsy7.pfb></usr/local/texlive/2021/texmf-di
st/fonts/type1/public/amsfonts/symbols/msbm10.pfb></usr/local/texlive/2021/texm
f-dist/fonts/type1/public/cm-super/sfbi1200.pfb></usr/local/texlive/2021/texmf-
dist/fonts/type1/public/cm-super/sfbx1000.pfb></usr/local/texlive/2021/texmf-di
st/fonts/type1/public/cm-super/sfbx1200.pfb></usr/local/texlive/2021/texmf-dist
/fonts/type1/public/cm-super/sfbx1440.pfb></usr/local/texlive/2021/texmf-dist/f
onts/type1/public/cm-super/sfbx2074.pfb></usr/local/texlive/2021/texmf-dist/fon
ts/type1/public/cm-super/sfbx2488.pfb></usr/local/texlive/2021/texmf-dist/fonts
/type1/public/cm-super/sfcc1000.pfb></usr/local/texlive/2021/texmf-dist/fonts/t
ype1/public/cm-super/sfrm0700.pfb></usr/local/texlive/2021/texmf-dist/fonts/typ
e1/public/cm-super/sfrm0900.pfb></usr/local/texlive/2021/texmf-dist/fonts/type1
/public/cm-super/sfrm1000.pfb></usr/local/texlive/2021/texmf-dist/fonts/type1/p
ublic/cm-super/sfrm1440.pfb></usr/local/texlive/2021/texmf-dist/fonts/type1/pub
lic/cm-super/sfrm2488.pfb></usr/local/texlive/2021/texmf-dist/fonts/type1/publi
c/cm-super/sfti1000.pfb></usr/local/texlive/2021/texmf-dist/fonts/type1/public/
cm-super/sfti1440.pfb></usr/local/texlive/2021/texmf-dist/fonts/type1/public/cm
-super/sftt1000.pfb>
Output written on monograph.pdf (89 pages, 1407381 bytes).
PDF statistics:
 2443 PDF objects out of 2487 (max. 8388607)
 2220 compressed objects within 23 object streams
 601 named destinations out of 1000 (max. 500000)
 1006 words of extra memory for PDF output out of 10000 (max. 10000000)

